{"message":"Hello again distributed logs","level":"info","service":"user-service"}
{"message":"Starting the Giveaway Joiner index!","level":"info","service":"user-service"}
{"message":"Initializing twitter...","level":"info","service":"user-service"}
{"message":"Starting the Giveaway Joiner index!","level":"info","service":"user-service"}
{"message":"Initializing twitter...","level":"info","service":"user-service"}
{"message":"Starting the Giveaway Joiner index!","level":"info"}
{"message":"Initializing twitter...","level":"info"}
{"message":"Starting the Giveaway Joiner index!","level":"info"}
{"message":"Initializing twitter...","level":"info"}
{"message":"Starting the Giveaway Joiner index!","level":"info"}
{"message":"Initializing twitter...","level":"info"}
{"message":"Starting the Giveaway Joiner index!","level":"info"}
{"message":"Initializing twitter...","level":"info"}
{"message":"Starting the Giveaway Joiner index!","level":"info"}
{"message":"Initializing twitter...","level":"info"}
{"message":"Starting the Giveaway Joiner index!","level":"info"}
{"message":"Initializing twitter...","level":"info"}
{"message":"getting newest unliked matching tweet...","level":"info"}
{"message":"Giveaway Joiner has completed successfully!","level":"info"}
{"message":"Starting the Giveaway Joiner index!","level":"info"}
{"message":"Initializing twitter...","level":"info"}
{"message":"getting newest unliked matching tweet...","level":"info"}
{"message":"Giveaway Joiner has completed successfully!","level":"info"}
{"message":"Starting the Giveaway Joiner index!","level":"info"}
{"message":"Initializing twitter...","level":"info"}
{"message":"getting newest unliked matching tweet...","level":"info"}
{"message":"Starting the Giveaway Joiner index!","level":"info"}
{"message":"Initializing twitter...","level":"info"}
{"message":"getting newest unliked matching tweet...","level":"info"}
{"message":"Starting the Giveaway Joiner index!","level":"info"}
{"message":"Initializing twitter...","level":"info"}
{"message":"getting newest unliked matching tweet...","level":"info"}
{"message":"Starting the Giveaway Joiner index!","level":"info"}
{"message":"Initializing twitter...","level":"info"}
{"message":"getting newest unliked matching tweet...","level":"info"}
{"message":"Starting the Giveaway Joiner index!","level":"info"}
{"message":"Initializing twitter...","level":"info"}
{"message":"getting newest unliked matching tweet...","level":"info"}
{"message":"Starting the Giveaway Joiner index!","level":"info"}
{"message":"Initializing twitter...","level":"info"}
{"message":"getting newest unliked matching tweet...","level":"info"}
{"message":"Giveaway Joiner has completed successfully!","level":"info"}
{"message":"Starting the Giveaway Joiner index!","level":"info"}
{"message":"Initializing twitter...","level":"info"}
{"message":"getting newest unliked matching tweet...","level":"info"}
{"message":"Starting the Giveaway Joiner index!","level":"info"}
{"message":"Initializing twitter...","level":"info"}
{"message":"getting newest unliked matching tweet...","level":"info"}
{"message":"Giveaway Joiner has completed successfully!","level":"info"}
{"message":"Starting the Giveaway Joiner index!","level":"info"}
{"message":"Initializing twitter...","level":"info"}
{"message":"getting newest unliked matching tweet...","level":"info"}
{"created_at":"Sat May 02 21:01:38 +0000 2020","id":1256690335511650300,"id_str":"1256690335511650315","text":"@MrNightfoxx @PlayzxXmary 💰10,000 ROBUX GIVEAWAY💰\n\nTo enter you must:\n\n👍- Like this tweet\n\n🔁- Retweet this tweet\n\n✅… https://t.co/GY0YO8ruCG","truncated":true,"metadata":{"iso_language_code":"en","result_type":"recent"},"source":"<a href=\"http://twitter.com/download/android\" rel=\"nofollow\">Twitter for Android</a>","in_reply_to_status_id":1255942930419810300,"in_reply_to_status_id_str":"1255942930419810305","in_reply_to_user_id":2996211503,"in_reply_to_user_id_str":"2996211503","in_reply_to_screen_name":"MrNightfoxx","user":{"id":1256510296362975200,"id_str":"1256510296362975232","name":"not_shahed","screen_name":"NotShahed","location":"","description":"","url":null,"entities":{"description":{"urls":[]}},"protected":false,"followers_count":2,"friends_count":5,"listed_count":0,"created_at":"Sat May 02 09:07:19 +0000 2020","favourites_count":5,"utc_offset":null,"time_zone":null,"geo_enabled":false,"verified":false,"statuses_count":4,"lang":null,"contributors_enabled":false,"is_translator":false,"is_translation_enabled":false,"profile_background_color":"F5F8FA","profile_background_image_url":null,"profile_background_image_url_https":null,"profile_background_tile":false,"profile_image_url":"http://abs.twimg.com/sticky/default_profile_images/default_profile_normal.png","profile_image_url_https":"https://abs.twimg.com/sticky/default_profile_images/default_profile_normal.png","profile_link_color":"1DA1F2","profile_sidebar_border_color":"C0DEED","profile_sidebar_fill_color":"DDEEF6","profile_text_color":"333333","profile_use_background_image":true,"has_extended_profile":false,"default_profile":true,"default_profile_image":true,"following":false,"follow_request_sent":false,"notifications":false,"translator_type":"none"},"geo":null,"coordinates":null,"place":null,"contributors":null,"is_quote_status":false,"retweet_count":4,"favorite_count":5,"favorited":false,"retweeted":false,"lang":"en","level":"info","message":"liking tweet: "}
{"message":"Giveaway Joiner has completed successfully!","level":"info"}
{"message":"Starting the Giveaway Joiner index!","level":"info"}
{"message":"Initializing twitter...","level":"info"}
{"message":"getting newest unliked matching tweet...","level":"info"}
{"level":"info","message":"liking tweet: "}
{"message":"Giveaway Joiner has completed successfully!","level":"info"}
{"message":"Starting the Giveaway Joiner index!","level":"info"}
{"message":"Initializing twitter...","level":"info"}
{"message":"getting newest unliked matching tweet...","level":"info"}
{"created_at":"Sat May 02 20:41:37 +0000 2020","id":1256685296227422200,"id_str":"1256685296227422208","text":"If you want to enter the 20.00 paypal giveaway just follow @sync_community, like and retweet and tag 1 person who a… https://t.co/HFdcBQYQcb","truncated":true,"metadata":{"iso_language_code":"en","result_type":"recent"},"source":"<a href=\"http://twitter.com/download/android\" rel=\"nofollow\">Twitter for Android</a>","in_reply_to_status_id":null,"in_reply_to_status_id_str":null,"in_reply_to_user_id":null,"in_reply_to_user_id_str":null,"in_reply_to_screen_name":null,"user":{"id":836374430150504400,"id_str":"836374430150504453","name":"SyNc","screen_name":"SyNc_deboany","location":"Michigan, USA","description":"Owner of SyNc, we strive for positive and competitive game play. follow my mixer https://t.co/osHObdJ2q8","url":null,"entities":{"description":{"urls":[{"url":"https://t.co/osHObdJ2q8","expanded_url":"https://mixer.com/deboany","display_url":"mixer.com/deboany","indices":[81,104]}]}},"protected":false,"followers_count":2001,"friends_count":2033,"listed_count":17,"created_at":"Tue Feb 28 00:36:18 +0000 2017","favourites_count":65579,"utc_offset":null,"time_zone":null,"geo_enabled":false,"verified":false,"statuses_count":16433,"lang":null,"contributors_enabled":false,"is_translator":false,"is_translation_enabled":false,"profile_background_color":"F5F8FA","profile_background_image_url":null,"profile_background_image_url_https":null,"profile_background_tile":false,"profile_image_url":"http://pbs.twimg.com/profile_images/1011041462560133123/t8yUsi8L_normal.jpg","profile_image_url_https":"https://pbs.twimg.com/profile_images/1011041462560133123/t8yUsi8L_normal.jpg","profile_banner_url":"https://pbs.twimg.com/profile_banners/836374430150504453/1583336793","profile_link_color":"1DA1F2","profile_sidebar_border_color":"C0DEED","profile_sidebar_fill_color":"DDEEF6","profile_text_color":"333333","profile_use_background_image":true,"has_extended_profile":true,"default_profile":true,"default_profile_image":false,"following":false,"follow_request_sent":false,"notifications":false,"translator_type":"none"},"geo":null,"coordinates":null,"place":null,"contributors":null,"is_quote_status":false,"retweet_count":19,"favorite_count":26,"favorited":false,"retweeted":false,"possibly_sensitive":false,"lang":"en","level":"info","message":"liking tweet: "}
{"level":"info","message":"liking tweet: "}
{"message":"Giveaway Joiner has completed successfully!","level":"info"}
{"message":"Starting the Giveaway Joiner index!","level":"info"}
{"message":"Initializing twitter...","level":"info"}
{"message":"getting newest unliked matching tweet...","level":"info"}
{"created_at":"Sat May 02 20:10:07 +0000 2020","id":1256677369110282200,"id_str":"1256677369110282247","text":"Don’t forget to enter this speed giveaway. Would you like more fast giveaways, so I can reward the actives? 🥺 https://t.co/3pAfZQqERJ","truncated":false,"metadata":{"iso_language_code":"en","result_type":"recent"},"source":"<a href=\"http://twitter.com/download/iphone\" rel=\"nofollow\">Twitter for iPhone</a>","in_reply_to_status_id":null,"in_reply_to_status_id_str":null,"in_reply_to_user_id":null,"in_reply_to_user_id_str":null,"in_reply_to_screen_name":null,"user":{"id":1143228538381852700,"id_str":"1143228538381852672","name":"Barba Services 🔌","screen_name":"UhBarba","location":"+2 GMT","description":"Trusted Seller/Giver | Vouches @ #barbapapalegit | Alt & Support: @BarbaServices & @BarbaSupport","url":null,"entities":{"description":{"urls":[]}},"protected":false,"followers_count":21913,"friends_count":249,"listed_count":4,"created_at":"Mon Jun 24 18:44:58 +0000 2019","favourites_count":18310,"utc_offset":null,"time_zone":null,"geo_enabled":false,"verified":false,"statuses_count":13500,"lang":null,"contributors_enabled":false,"is_translator":false,"is_translation_enabled":false,"profile_background_color":"F5F8FA","profile_background_image_url":null,"profile_background_image_url_https":null,"profile_background_tile":false,"profile_image_url":"http://pbs.twimg.com/profile_images/1253035063794597888/0JHP03dr_normal.jpg","profile_image_url_https":"https://pbs.twimg.com/profile_images/1253035063794597888/0JHP03dr_normal.jpg","profile_banner_url":"https://pbs.twimg.com/profile_banners/1143228538381852672/1587581815","profile_link_color":"1DA1F2","profile_sidebar_border_color":"C0DEED","profile_sidebar_fill_color":"DDEEF6","profile_text_color":"333333","profile_use_background_image":true,"has_extended_profile":false,"default_profile":true,"default_profile_image":false,"following":false,"follow_request_sent":false,"notifications":false,"translator_type":"none"},"geo":null,"coordinates":null,"place":null,"contributors":null,"is_quote_status":true,"quoted_status_id":1256674823171739600,"quoted_status_id_str":"1256674823171739653","quoted_status":{"created_at":"Sat May 02 20:00:00 +0000 2020","id":1256674823171739600,"id_str":"1256674823171739653","text":"Honor Guard Giveaway - 90 Minutes Only! \n\n✅ Retweet! \n✅ Follow @SackySells and I\n✅ Turn on notifications! \n\nDrawing… https://t.co/93rkbggsc3","truncated":true,"metadata":{"iso_language_code":"en","result_type":"recent"},"source":"<a href=\"https://about.twitter.com/products/tweetdeck\" rel=\"nofollow\">TweetDeck</a>","in_reply_to_status_id":null,"in_reply_to_status_id_str":null,"in_reply_to_user_id":null,"in_reply_to_user_id_str":null,"in_reply_to_screen_name":null,"user":{"id":1143228538381852700,"id_str":"1143228538381852672","name":"Barba Services 🔌","screen_name":"UhBarba","location":"+2 GMT","description":"Trusted Seller/Giver | Vouches @ #barbapapalegit | Alt & Support: @BarbaServices & @BarbaSupport","url":null,"entities":{"description":{"urls":[]}},"protected":false,"followers_count":21913,"friends_count":249,"listed_count":4,"created_at":"Mon Jun 24 18:44:58 +0000 2019","favourites_count":18310,"utc_offset":null,"time_zone":null,"geo_enabled":false,"verified":false,"statuses_count":13500,"lang":null,"contributors_enabled":false,"is_translator":false,"is_translation_enabled":false,"profile_background_color":"F5F8FA","profile_background_image_url":null,"profile_background_image_url_https":null,"profile_background_tile":false,"profile_image_url":"http://pbs.twimg.com/profile_images/1253035063794597888/0JHP03dr_normal.jpg","profile_image_url_https":"https://pbs.twimg.com/profile_images/1253035063794597888/0JHP03dr_normal.jpg","profile_banner_url":"https://pbs.twimg.com/profile_banners/1143228538381852672/1587581815","profile_link_color":"1DA1F2","profile_sidebar_border_color":"C0DEED","profile_sidebar_fill_color":"DDEEF6","profile_text_color":"333333","profile_use_background_image":true,"has_extended_profile":false,"default_profile":true,"default_profile_image":false,"following":false,"follow_request_sent":false,"notifications":false,"translator_type":"none"},"geo":null,"coordinates":null,"place":null,"contributors":null,"is_quote_status":false,"retweet_count":302,"favorite_count":280,"favorited":false,"retweeted":false,"possibly_sensitive":false,"lang":"en"},"retweet_count":13,"favorite_count":50,"favorited":false,"retweeted":false,"possibly_sensitive":false,"lang":"en","level":"info","message":"liking tweet: "}
{"level":"info","message":"liking tweet: "}
{"message":"Giveaway Joiner has completed successfully!","level":"info"}
{"message":"Starting the Giveaway Joiner index!","level":"info"}
{"message":"Initializing twitter...","level":"info"}
{"message":"getting newest unliked matching tweet...","level":"info"}
{"level":"info","message":"Captured tweet id: "}
{"level":"info","message":"User who tweeted id: "}
{"created_at":"Sat May 02 21:51:13 +0000 2020","id":1256702810990600200,"id_str":"1256702810990600192","text":"Giveaway! 🖤 (Ends Sunday May 3rd at 8:00PM pacific time)\nHow to enter:\n1. Follow me!\n2. Retweet!\n3. Like this ^^\n4.… https://t.co/3pEzOgcn2N","truncated":true,"metadata":{"iso_language_code":"en","result_type":"recent"},"source":"<a href=\"http://twitter.com/download/iphone\" rel=\"nofollow\">Twitter for iPhone</a>","in_reply_to_status_id":null,"in_reply_to_status_id_str":null,"in_reply_to_user_id":null,"in_reply_to_user_id_str":null,"in_reply_to_screen_name":null,"user":{"id":1244073661708914700,"id_str":"1244073661708914688","name":"🖤Lizzie_Playz_Roblox🖤","screen_name":"RobertsViviann","location":"","description":"🖤Hello! I’m Viviann aka Lizzie! Bloxburg, Adopt Me, and Royale High are my fave games on Roblox :) I do giveaways as well!ℋ𝒶𝓋ℯ 𝒶 𝓌ℴ𝓃𝒹ℯ𝓇𝒻𝓊𝓁 𝒹𝒶𝓎!🖤","url":null,"entities":{"description":{"urls":[]}},"protected":false,"followers_count":33,"friends_count":27,"listed_count":0,"created_at":"Sun Mar 29 01:27:47 +0000 2020","favourites_count":271,"utc_offset":null,"time_zone":null,"geo_enabled":false,"verified":false,"statuses_count":112,"lang":null,"contributors_enabled":false,"is_translator":false,"is_translation_enabled":false,"profile_background_color":"F5F8FA","profile_background_image_url":null,"profile_background_image_url_https":null,"profile_background_tile":false,"profile_image_url":"http://pbs.twimg.com/profile_images/1244075698098069504/1uUhsPUA_normal.jpg","profile_image_url_https":"https://pbs.twimg.com/profile_images/1244075698098069504/1uUhsPUA_normal.jpg","profile_banner_url":"https://pbs.twimg.com/profile_banners/1244073661708914688/1585445935","profile_link_color":"1DA1F2","profile_sidebar_border_color":"C0DEED","profile_sidebar_fill_color":"DDEEF6","profile_text_color":"333333","profile_use_background_image":true,"has_extended_profile":true,"default_profile":true,"default_profile_image":false,"following":false,"follow_request_sent":false,"notifications":false,"translator_type":"none"},"geo":null,"coordinates":null,"place":null,"contributors":null,"is_quote_status":false,"retweet_count":2,"favorite_count":3,"favorited":false,"retweeted":false,"lang":"en","level":"info","message":"liking tweet: "}
{"message":"Giveaway Joiner has completed successfully!","level":"info"}
{"message":"Starting the Giveaway Joiner index!","level":"info"}
{"message":"Initializing twitter...","level":"info"}
{"message":"getting newest unliked matching tweet...","level":"info"}
{"level":"info","message":"Captured tweet id: "}
{"level":"info","message":"User who tweeted id: "}
{"created_at":"Sun May 03 01:49:33 +0000 2020","id":1256762792524181500,"id_str":"1256762792524181504","text":"@hourly100hyun @B_hundred_Hyun @weareoneEXO Hi! I’m doing a Baekhyun birthday giveaway on my Instagram :) check it… https://t.co/7QIU0HPYgb","truncated":true,"metadata":{"iso_language_code":"en","result_type":"recent"},"source":"<a href=\"http://twitter.com/download/iphone\" rel=\"nofollow\">Twitter for iPhone</a>","in_reply_to_status_id":1227488454239350800,"in_reply_to_status_id_str":"1227488454239350784","in_reply_to_user_id":1201866803787382800,"in_reply_to_user_id_str":"1201866803787382786","in_reply_to_screen_name":"hourly100hyun","user":{"id":845933468584296400,"id_str":"845933468584296448","name":"Tams 𝕞𝕚𝕤𝕤𝕖𝕤 𝕂𝕪𝕦𝕟𝕘𝕤𝕠𝕠","screen_name":"fan_tamstic","location":"EXO PLANET","description":"🌵 L-1485 ✨ OT9 💅 BJT🕊 brain first before you talk or imma laugh at you clowning yourself.","url":"https://t.co/5VX9EoZfQ6","entities":{"url":{"urls":[{"url":"https://t.co/5VX9EoZfQ6","expanded_url":"https://instagram.com/tamsthepostcrosser?igshid=1ugsrfqzuvw0a","display_url":"instagram.com/tamsthepostcro…","indices":[0,23]}]},"description":{"urls":[]}},"protected":false,"followers_count":41,"friends_count":212,"listed_count":0,"created_at":"Sun Mar 26 09:40:30 +0000 2017","favourites_count":5122,"utc_offset":null,"time_zone":null,"geo_enabled":false,"verified":false,"statuses_count":2857,"lang":null,"contributors_enabled":false,"is_translator":false,"is_translation_enabled":false,"profile_background_color":"F5F8FA","profile_background_image_url":null,"profile_background_image_url_https":null,"profile_background_tile":false,"profile_image_url":"http://pbs.twimg.com/profile_images/1200301348329152512/n8_ZyS09_normal.jpg","profile_image_url_https":"https://pbs.twimg.com/profile_images/1200301348329152512/n8_ZyS09_normal.jpg","profile_banner_url":"https://pbs.twimg.com/profile_banners/845933468584296448/1566644822","profile_link_color":"1DA1F2","profile_sidebar_border_color":"C0DEED","profile_sidebar_fill_color":"DDEEF6","profile_text_color":"333333","profile_use_background_image":true,"has_extended_profile":true,"default_profile":true,"default_profile_image":false,"following":false,"follow_request_sent":false,"notifications":false,"translator_type":"none"},"geo":null,"coordinates":null,"place":null,"contributors":null,"is_quote_status":false,"retweet_count":0,"favorite_count":0,"favorited":false,"retweeted":false,"possibly_sensitive":false,"lang":"en","level":"info","message":"liking tweet: "}
{"message":"Giveaway Joiner has completed successfully!","level":"info"}
{"message":"Starting the Giveaway Joiner index!","level":"info"}
{"message":"Initializing twitter...","level":"info"}
{"message":"getting newest unliked matching tweet...","level":"info"}
{"created_at":"Sun May 03 01:50:47 +0000 2020","id":1256763101711528000,"id_str":"1256763101711527936","text":"@dearbaek04 @B_hundred_Hyun Hi! I’m doing a Baekhyun birthday giveaway on my Instagram :) check it out if you would… https://t.co/l3RNH4BihZ","truncated":true,"metadata":{"iso_language_code":"en","result_type":"recent"},"source":"<a href=\"http://twitter.com/download/iphone\" rel=\"nofollow\">Twitter for iPhone</a>","in_reply_to_status_id":1256754982570700800,"in_reply_to_status_id_str":"1256754982570700801","in_reply_to_user_id":580611374,"in_reply_to_user_id_str":"580611374","in_reply_to_screen_name":"dearbaek04","user":{"id":845933468584296400,"id_str":"845933468584296448","name":"Tams 𝕞𝕚𝕤𝕤𝕖𝕤 𝕂𝕪𝕦𝕟𝕘𝕤𝕠𝕠","screen_name":"fan_tamstic","location":"EXO PLANET","description":"🌵 L-1485 ✨ OT9 💅 BJT🕊 brain first before you talk or imma laugh at you clowning yourself.","url":"https://t.co/5VX9EoZfQ6","entities":{"url":{"urls":[{"url":"https://t.co/5VX9EoZfQ6","expanded_url":"https://instagram.com/tamsthepostcrosser?igshid=1ugsrfqzuvw0a","display_url":"instagram.com/tamsthepostcro…","indices":[0,23]}]},"description":{"urls":[]}},"protected":false,"followers_count":41,"friends_count":212,"listed_count":0,"created_at":"Sun Mar 26 09:40:30 +0000 2017","favourites_count":5122,"utc_offset":null,"time_zone":null,"geo_enabled":false,"verified":false,"statuses_count":2857,"lang":null,"contributors_enabled":false,"is_translator":false,"is_translation_enabled":false,"profile_background_color":"F5F8FA","profile_background_image_url":null,"profile_background_image_url_https":null,"profile_background_tile":false,"profile_image_url":"http://pbs.twimg.com/profile_images/1200301348329152512/n8_ZyS09_normal.jpg","profile_image_url_https":"https://pbs.twimg.com/profile_images/1200301348329152512/n8_ZyS09_normal.jpg","profile_banner_url":"https://pbs.twimg.com/profile_banners/845933468584296448/1566644822","profile_link_color":"1DA1F2","profile_sidebar_border_color":"C0DEED","profile_sidebar_fill_color":"DDEEF6","profile_text_color":"333333","profile_use_background_image":true,"has_extended_profile":true,"default_profile":true,"default_profile_image":false,"following":false,"follow_request_sent":false,"notifications":false,"translator_type":"none"},"geo":null,"coordinates":null,"place":null,"contributors":null,"is_quote_status":false,"retweet_count":0,"favorite_count":0,"favorited":false,"retweeted":false,"possibly_sensitive":false,"lang":"en","level":"info","message":"liking tweet: "}
{"level":"info","message":"Captured tweet id: "}
{"level":"info","message":"User who tweeted id: "}
{"message":"Giveaway Joiner has completed successfully!","level":"info"}
{"message":"Starting the Giveaway Joiner index!","level":"info"}
{"message":"Initializing twitter...","level":"info"}
{"message":"getting newest unliked matching tweet...","level":"info"}
{"level":"info","message":"liking tweet: "}
{"level":"info","message":"Captured tweet id: "}
{"level":"info","message":"User who tweeted id: "}
{"message":"Giveaway Joiner has completed successfully!","level":"info"}
{"message":"Starting the Giveaway Joiner index!","level":"info"}
{"message":"Initializing twitter...","level":"info"}
{"message":"getting newest unliked matching tweet...","level":"info"}
{"level":"info","message":"liking tweet: "}
{"level":"info","message":"Captured tweet id: "}
{"level":"info","message":"User who tweeted id: "}
{"message":"Giveaway Joiner has completed successfully!","level":"info"}
{"message":"Starting the Giveaway Joiner index!","level":"info"}
{"message":"Initializing twitter...","level":"info"}
{"message":"getting newest unliked matching tweet...","level":"info"}
{"level":"info","message":"Captured tweet id: "}
{"level":"info","message":"User who tweeted id: "}
{"message":"Giveaway Joiner has completed successfully!","level":"info"}
{"message":"Starting the Giveaway Joiner index!","level":"info"}
{"message":"Initializing twitter...","level":"info"}
{"message":"getting newest unliked matching tweet...","level":"info"}
{"level":"info","message":"Captured tweet id: "}
{"level":"info","message":"User who tweeted id: "}
{"message":"Giveaway Joiner has completed successfully!","level":"info"}
{"message":"Starting the Giveaway Joiner index!","level":"info"}
{"message":"Initializing twitter...","level":"info"}
{"message":"getting newest unliked matching tweet...","level":"info"}
{"level":"info","message":"User who tweeted id: "}
{"message":"Giveaway Joiner has completed successfully!","level":"info"}
{"message":"Starting the Giveaway Joiner index!","level":"info"}
{"message":"Initializing twitter...","level":"info"}
{"message":"getting newest unliked matching tweet...","level":"info"}
{"message":"User who tweeted id: 1244073661708914688","level":"info"}
{"message":"Giveaway Joiner has completed successfully!","level":"info"}
{"message":"Starting the Giveaway Joiner index!","level":"info"}
{"message":"Initializing twitter...","level":"info"}
{"message":"getting newest unliked matching tweet...","level":"info"}
{"message":"User who tweeted id: 845933468584296448","level":"info"}
{"message":"Giveaway Joiner has completed successfully!","level":"info"}
{"message":"liking tweet: 1256763101711527936","level":"info"}
{"message":"retweeting tweet: 1256763101711527936","level":"info"}
{"message":"following tweeter: 845933468584296448","level":"info"}
{"message":"Starting the Giveaway Joiner index!","level":"info"}
{"message":"Initializing twitter...","level":"info"}
{"message":"getting newest unliked matching tweet...","level":"info"}
{"message":"User who tweeted id: 1254478451366477830","level":"info"}
{"message":"Giveaway Joiner has completed successfully!","level":"info"}
{"message":"liking tweet: 1256734895059038210","level":"info"}
{"message":"retweeting tweet: 1256734895059038210","level":"info"}
{"message":"following tweeter: 1254478451366477830","level":"info"}
{"message":"Starting the Giveaway Joiner index!","level":"info"}
{"message":"Initializing twitter...","level":"info"}
{"message":"getting newest unliked matching tweet...","level":"info"}
{"message":"User who tweeted id: 845933468584296448","level":"info"}
{"message":"Giveaway Joiner has completed successfully!","level":"info"}
{"message":"liking tweet: 1256762623321726976","level":"info"}
{"message":"Starting the Giveaway Joiner index!","level":"info"}
{"message":"Initializing twitter...","level":"info"}
{"message":"getting newest unliked matching tweet...","level":"info"}
{"message":"User who tweeted id: 2789471247","level":"info"}
{"message":"Giveaway Joiner has completed successfully!","level":"info"}
{"message":"liking tweet: 1256730026050977792","level":"info"}
{"message":"Starting the Giveaway Joiner index!","level":"info"}
{"message":"Initializing twitter...","level":"info"}
{"message":"getting newest unliked matching tweet...","level":"info"}
{"message":"User who tweeted id: 50039674","level":"info"}
{"message":"Giveaway Joiner has completed successfully!","level":"info"}
{"message":"liking tweet: 1256703266072780801","level":"info"}
{"message":"Starting the Giveaway Joiner index!","level":"info"}
{"message":"Initializing twitter...","level":"info"}
{"message":"getting newest unliked matching tweet...","level":"info"}
{"message":"User who tweeted id: 726684282","level":"info"}
{"message":"Giveaway Joiner has completed successfully!","level":"info"}
{"message":"liking tweet: 1256761076886188032","level":"info"}
{"message":"tweet liked!","level":"info"}
{"message":"retweeting tweet: 1256761076886188032","level":"info"}
{"message":"following tweeter: 726684282","level":"info"}
{"message":"Starting the Giveaway Joiner index!","level":"info"}
{"message":"Initializing twitter...","level":"info"}
{"message":"getting newest unliked matching tweet...","level":"info"}
{"message":"User who tweeted id: 198985863","level":"info"}
{"message":"Giveaway Joiner has completed successfully!","level":"info"}
{"message":"liking tweet: 1256696415369203719","level":"info"}
{"message":"tweet liked!","level":"info"}
{"message":"retweeting tweet: 1256696415369203719","level":"info"}
{"message":"following tweeter: 198985863","level":"info"}
{"message":"Starting the Giveaway Joiner index!","level":"info"}
{"message":"Initializing twitter...","level":"info"}
{"message":"getting newest unliked matching tweet...","level":"info"}
{"message":"User who tweeted id: 1248656745469272065","level":"info"}
{"message":"Giveaway Joiner has completed successfully!","level":"info"}
{"message":"liking tweet: 1256747539958726657","level":"info"}
{"message":"tweet liked!","level":"info"}
{"message":"retweeting tweet: 1256747539958726657","level":"info"}
{"message":"following tweeter: 1248656745469272065","level":"info"}
{"message":"Starting the Giveaway Joiner index!","level":"info"}
{"message":"Initializing twitter...","level":"info"}
{"message":"getting newest unliked matching tweet...","level":"info"}
{"message":"User who tweeted id: 1251290687456378880","level":"info"}
{"message":"Giveaway Joiner has completed successfully!","level":"info"}
{"message":"liking tweet: 1256745164212748291","level":"info"}
{"message":"tweet liked!","level":"info"}
{"message":"retweeting tweet: 1256745164212748291","level":"info"}
{"message":"following tweeter: 1251290687456378880","level":"info"}
