{"message":"Starting the Giveaway Joiner index!","level":"info"}
{"message":"Keywords arg: hey there","level":"info"}
{"message":"\"No Like\" arg: --no-like","level":"info"}
{"message":"\"No Retweet\" arg: --no-retweet","level":"info"}
{"message":"\"No Follow\" arg: --no-follow","level":"info"}
{"message":"Initializing twitter...","level":"info"}
{"message":"Getting newest unliked matching tweet...","level":"info"}
{"message":"Fulltweet: {\n  \"created_at\": \"Wed May 06 17:44:24 +0000 2020\",\n  \"id\": 1258090250070626300,\n  \"id_str\": \"1258090250070626305\",\n  \"text\": \"@USMC_KAG Hey #2...how about some muzzle control there.  Sure looks like you are aiming at #1s hip.  Jackass\",\n  \"truncated\": false,\n  \"metadata\": {\n    \"iso_language_code\": \"en\",\n    \"result_type\": \"recent\"\n  },\n  \"source\": \"<a href=\\\"http://twitter.com/download/android\\\" rel=\\\"nofollow\\\">Twitter for Android</a>\",\n  \"in_reply_to_status_id\": 1258089102785691600,\n  \"in_reply_to_status_id_str\": \"1258089102785691649\",\n  \"in_reply_to_user_id\": 1218313617398886400,\n  \"in_reply_to_user_id_str\": \"1218313617398886401\",\n  \"in_reply_to_screen_name\": \"USMC_KAG\",\n  \"user\": {\n    \"id\": 1225260631277871000,\n    \"id_str\": \"1225260631277871117\",\n    \"name\": \"Scott Bradley\",\n    \"screen_name\": \"ScottBr56807883\",\n    \"location\": \"\",\n    \"description\": \"\",\n    \"url\": null,\n    \"entities\": {\n      \"description\": {\n        \"urls\": []\n      }\n    },\n    \"protected\": false,\n    \"followers_count\": 530,\n    \"friends_count\": 836,\n    \"listed_count\": 0,\n    \"created_at\": \"Thu Feb 06 03:31:28 +0000 2020\",\n    \"favourites_count\": 1080,\n    \"utc_offset\": null,\n    \"time_zone\": null,\n    \"geo_enabled\": false,\n    \"verified\": false,\n    \"statuses_count\": 1057,\n    \"lang\": null,\n    \"contributors_enabled\": false,\n    \"is_translator\": false,\n    \"is_translation_enabled\": false,\n    \"profile_background_color\": \"F5F8FA\",\n    \"profile_background_image_url\": null,\n    \"profile_background_image_url_https\": null,\n    \"profile_background_tile\": false,\n    \"profile_image_url\": \"http://pbs.twimg.com/profile_images/1225261022807617536/KWV9wuEc_normal.jpg\",\n    \"profile_image_url_https\": \"https://pbs.twimg.com/profile_images/1225261022807617536/KWV9wuEc_normal.jpg\",\n    \"profile_link_color\": \"1DA1F2\",\n    \"profile_sidebar_border_color\": \"C0DEED\",\n    \"profile_sidebar_fill_color\": \"DDEEF6\",\n    \"profile_text_color\": \"333333\",\n    \"profile_use_background_image\": true,\n    \"has_extended_profile\": true,\n    \"default_profile\": true,\n    \"default_profile_image\": false,\n    \"following\": false,\n    \"follow_request_sent\": false,\n    \"notifications\": false,\n    \"translator_type\": \"none\"\n  },\n  \"geo\": null,\n  \"coordinates\": null,\n  \"place\": null,\n  \"contributors\": null,\n  \"is_quote_status\": false,\n  \"retweet_count\": 0,\n  \"favorite_count\": 0,\n  \"favorited\": false,\n  \"retweeted\": false,\n  \"lang\": \"en\"\n}","level":"info"}
{"message":"User who tweeted id: https://twitter.com/intent/user?user_id=1225260631277871117","level":"info"}
{"message":"https://twitter.com/_/status/1258090250070626305","level":"info"}
{"message":"NOT liking!","level":"info"}
{"message":"NOT retweeting!","level":"info"}
{"message":"NOT following!","level":"info"}
{"message":"Giveaway Joiner has completed successfully!","level":"info"}
{"level":"info","message":"mem used: ~ 48.3"}
{"message":"Starting the Giveaway Joiner index!","level":"info"}
{"message":"Keywords arg: hey there","level":"info"}
{"message":"\"No Like\" arg: --no-like","level":"info"}
{"message":"\"No Retweet\" arg: --no-retweet","level":"info"}
{"message":"\"No Follow\" arg: --no-follow","level":"info"}
{"message":"Initializing twitter...","level":"info"}
{"message":"Getting newest unliked matching tweet...","level":"info"}
{"message":"Fulltweet: {\n  \"created_at\": \"Wed May 06 19:36:32 +0000 2020\",\n  \"id\": 1258118471386312700,\n  \"id_str\": \"1258118471386312711\",\n  \"text\": \"@_caacheee Hey there! If u are looking for a professional logo I can help. Professional designer is available. \\nOur… https://t.co/PVTpKpAm24\",\n  \"truncated\": true,\n  \"metadata\": {\n    \"iso_language_code\": \"en\",\n    \"result_type\": \"recent\"\n  },\n  \"source\": \"<a href=\\\"https://mobile.twitter.com\\\" rel=\\\"nofollow\\\">Twitter Web App</a>\",\n  \"in_reply_to_status_id\": 1258085194298523600,\n  \"in_reply_to_status_id_str\": \"1258085194298523648\",\n  \"in_reply_to_user_id\": 1545883837,\n  \"in_reply_to_user_id_str\": \"1545883837\",\n  \"in_reply_to_screen_name\": \"_caacheee\",\n  \"user\": {\n    \"id\": 1095371129773006800,\n    \"id_str\": \"1095371129773006849\",\n    \"name\": \"Dynamic Designs PK\",\n    \"screen_name\": \"DDesignsPk\",\n    \"location\": \"Karachi, Pakistan\",\n    \"description\": \"Professional Graphic Designers with years of experience. We can create Banners, Logos, Posters, Twitch / youtube overlays and much more. Dm Now for details.\",\n    \"url\": \"https://t.co/sHlqQOhjOG\",\n    \"entities\": {\n      \"url\": {\n        \"urls\": [\n          {\n            \"url\": \"https://t.co/sHlqQOhjOG\",\n            \"expanded_url\": \"http://www.Dynamicdesignspk.com\",\n            \"display_url\": \"Dynamicdesignspk.com\",\n            \"indices\": [\n              0,\n              23\n            ]\n          }\n        ]\n      },\n      \"description\": {\n        \"urls\": []\n      }\n    },\n    \"protected\": false,\n    \"followers_count\": 148,\n    \"friends_count\": 8,\n    \"listed_count\": 0,\n    \"created_at\": \"Tue Feb 12 17:16:43 +0000 2019\",\n    \"favourites_count\": 151,\n    \"utc_offset\": null,\n    \"time_zone\": null,\n    \"geo_enabled\": false,\n    \"verified\": false,\n    \"statuses_count\": 2412,\n    \"lang\": null,\n    \"contributors_enabled\": false,\n    \"is_translator\": false,\n    \"is_translation_enabled\": false,\n    \"profile_background_color\": \"F5F8FA\",\n    \"profile_background_image_url\": null,\n    \"profile_background_image_url_https\": null,\n    \"profile_background_tile\": false,\n    \"profile_image_url\": \"http://pbs.twimg.com/profile_images/1228771041180291075/Vx2DUoWG_normal.jpg\",\n    \"profile_image_url_https\": \"https://pbs.twimg.com/profile_images/1228771041180291075/Vx2DUoWG_normal.jpg\",\n    \"profile_banner_url\": \"https://pbs.twimg.com/profile_banners/1095371129773006849/1552674891\",\n    \"profile_link_color\": \"1DA1F2\",\n    \"profile_sidebar_border_color\": \"C0DEED\",\n    \"profile_sidebar_fill_color\": \"DDEEF6\",\n    \"profile_text_color\": \"333333\",\n    \"profile_use_background_image\": true,\n    \"has_extended_profile\": true,\n    \"default_profile\": true,\n    \"default_profile_image\": false,\n    \"following\": false,\n    \"follow_request_sent\": false,\n    \"notifications\": false,\n    \"translator_type\": \"none\"\n  },\n  \"geo\": null,\n  \"coordinates\": null,\n  \"place\": null,\n  \"contributors\": null,\n  \"is_quote_status\": false,\n  \"retweet_count\": 0,\n  \"favorite_count\": 0,\n  \"favorited\": false,\n  \"retweeted\": false,\n  \"possibly_sensitive\": false,\n  \"lang\": \"en\"\n}","level":"info"}
{"message":"User who tweeted id: https://twitter.com/intent/user?user_id=1095371129773006849","level":"info"}
{"message":"https://twitter.com/_/status/1258118471386312711","level":"info"}
{"message":"NOT liking!","level":"info"}
{"message":"NOT retweeting!","level":"info"}
{"message":"NOT following!","level":"info"}
{"message":"Giveaway Joiner has completed successfully!","level":"info"}
{"level":"info","message":"mem used: ~ 48.3"}
{"message":"Starting the Giveaway Joiner index!","level":"info"}
{"message":"Starting the Giveaway Joiner index!","level":"info"}
{"message":"Command line arg values:\n","level":"info"}
{"message":"--keywords: hey there","level":"info"}
{"message":"--max-wait-time: undefined","level":"info"}
{"message":"--min-wait-time: undefined","level":"info"}
{"message":"--no-like: --no-like","level":"info"}
{"message":"--no-retweet: --no-retweet","level":"info"}
{"message":"--no-follow: --no-follow","level":"info"}
{"message":"Initializing twitter...","level":"info"}
{"message":"Getting newest unliked matching tweet...","level":"info"}
{"message":"Fulltweet: {\n  \"created_at\": \"Wed May 06 19:44:32 +0000 2020\",\n  \"id\": 1258120483951784000,\n  \"id_str\": \"1258120483951783938\",\n  \"text\": \"@RansomsLettings @Devon_Hour Hey there! How ya doin? ☺️ #devonhour https://t.co/pXXxFfAXL6\",\n  \"truncated\": false,\n  \"metadata\": {\n    \"iso_language_code\": \"en\",\n    \"result_type\": \"recent\"\n  },\n  \"source\": \"<a href=\\\"http://twitter.com/download/android\\\" rel=\\\"nofollow\\\">Twitter for Android</a>\",\n  \"in_reply_to_status_id\": 1258119588946026500,\n  \"in_reply_to_status_id_str\": \"1258119588946026502\",\n  \"in_reply_to_user_id\": 3186976215,\n  \"in_reply_to_user_id_str\": \"3186976215\",\n  \"in_reply_to_screen_name\": \"RansomsLettings\",\n  \"user\": {\n    \"id\": 3120708119,\n    \"id_str\": \"3120708119\",\n    \"name\": \"Pie Street Totnes\",\n    \"screen_name\": \"PieStreet\",\n    \"location\": \"Totnes\",\n    \"description\": \"Your local Pie Street on The High Street. Warming souls since 2015. \\n\\nOpen from 11.30 every day, 12 on Sundays, closed Sunday & Monday evenings. (01803) 868674\",\n    \"url\": \"https://t.co/tfAEB4KNDE\",\n    \"entities\": {\n      \"url\": {\n        \"urls\": [\n          {\n            \"url\": \"https://t.co/tfAEB4KNDE\",\n            \"expanded_url\": \"http://www.piestreet.co.uk\",\n            \"display_url\": \"piestreet.co.uk\",\n            \"indices\": [\n              0,\n              23\n            ]\n          }\n        ]\n      },\n      \"description\": {\n        \"urls\": []\n      }\n    },\n    \"protected\": false,\n    \"followers_count\": 659,\n    \"friends_count\": 461,\n    \"listed_count\": 16,\n    \"created_at\": \"Fri Mar 27 07:04:31 +0000 2015\",\n    \"favourites_count\": 1270,\n    \"utc_offset\": null,\n    \"time_zone\": null,\n    \"geo_enabled\": false,\n    \"verified\": false,\n    \"statuses_count\": 3209,\n    \"lang\": null,\n    \"contributors_enabled\": false,\n    \"is_translator\": false,\n    \"is_translation_enabled\": false,\n    \"profile_background_color\": \"C0DEED\",\n    \"profile_background_image_url\": \"http://abs.twimg.com/images/themes/theme1/bg.png\",\n    \"profile_background_image_url_https\": \"https://abs.twimg.com/images/themes/theme1/bg.png\",\n    \"profile_background_tile\": false,\n    \"profile_image_url\": \"http://pbs.twimg.com/profile_images/1069701462043881472/rOHJpUbU_normal.jpg\",\n    \"profile_image_url_https\": \"https://pbs.twimg.com/profile_images/1069701462043881472/rOHJpUbU_normal.jpg\",\n    \"profile_banner_url\": \"https://pbs.twimg.com/profile_banners/3120708119/1577556464\",\n    \"profile_link_color\": \"1DA1F2\",\n    \"profile_sidebar_border_color\": \"C0DEED\",\n    \"profile_sidebar_fill_color\": \"DDEEF6\",\n    \"profile_text_color\": \"333333\",\n    \"profile_use_background_image\": true,\n    \"has_extended_profile\": false,\n    \"default_profile\": true,\n    \"default_profile_image\": false,\n    \"following\": false,\n    \"follow_request_sent\": false,\n    \"notifications\": false,\n    \"translator_type\": \"none\"\n  },\n  \"geo\": null,\n  \"coordinates\": null,\n  \"place\": null,\n  \"contributors\": null,\n  \"is_quote_status\": false,\n  \"retweet_count\": 0,\n  \"favorite_count\": 3,\n  \"favorited\": false,\n  \"retweeted\": false,\n  \"possibly_sensitive\": false,\n  \"lang\": \"en\"\n}","level":"info"}
{"message":"User who tweeted id: https://twitter.com/intent/user?user_id=3120708119","level":"info"}
{"message":"https://twitter.com/_/status/1258120483951783938","level":"info"}
{"message":"Starting the Giveaway Joiner index!","level":"info"}
{"message":"Command line arg values:\n","level":"info"}
{"message":"--keywords: hey there","level":"info"}
{"message":"--max-wait-time: undefined","level":"info"}
{"message":"--min-wait-time: undefined","level":"info"}
{"message":"--no-like: --no-like","level":"info"}
{"message":"--no-retweet: --no-retweet","level":"info"}
{"message":"--no-follow: --no-follow","level":"info"}
{"message":"\nInitializing twitter...","level":"info"}
{"message":"Getting newest unliked matching tweet...","level":"info"}
{"message":"Fulltweet: {\n  \"created_at\": \"Wed May 06 19:50:37 +0000 2020\",\n  \"id\": 1258122015233290200,\n  \"id_str\": \"1258122015233290240\",\n  \"text\": \"@MarkASchrader Hey there. On the same path. Trying to also get some subs on my writing channel. I follow back. https://t.co/CFJpI46caN\",\n  \"truncated\": false,\n  \"metadata\": {\n    \"iso_language_code\": \"en\",\n    \"result_type\": \"recent\"\n  },\n  \"source\": \"<a href=\\\"http://twitter.com/download/iphone\\\" rel=\\\"nofollow\\\">Twitter for iPhone</a>\",\n  \"in_reply_to_status_id\": 1258022060632260600,\n  \"in_reply_to_status_id_str\": \"1258022060632260610\",\n  \"in_reply_to_user_id\": 2277430204,\n  \"in_reply_to_user_id_str\": \"2277430204\",\n  \"in_reply_to_screen_name\": \"MarkASchrader\",\n  \"user\": {\n    \"id\": 444949306,\n    \"id_str\": \"444949306\",\n    \"name\": \"Nicholas T. Drake\",\n    \"screen_name\": \"nicthewordsmith\",\n    \"location\": \"Phoenix, AZ\",\n    \"description\": \"#Writer, Dad, Hard Working American. Trying to get that thing where you don’t work a day in your life when you love what you do. That please. #writingcommunity\",\n    \"url\": \"https://t.co/R9Le0BujUG\",\n    \"entities\": {\n      \"url\": {\n        \"urls\": [\n          {\n            \"url\": \"https://t.co/R9Le0BujUG\",\n            \"expanded_url\": \"https://www.youtube.com/channel/UCQzWSrzWds_WurmtR0HU3sg\",\n            \"display_url\": \"youtube.com/channel/UCQzWS…\",\n            \"indices\": [\n              0,\n              23\n            ]\n          }\n        ]\n      },\n      \"description\": {\n        \"urls\": []\n      }\n    },\n    \"protected\": false,\n    \"followers_count\": 394,\n    \"friends_count\": 412,\n    \"listed_count\": 0,\n    \"created_at\": \"Fri Dec 23 20:47:05 +0000 2011\",\n    \"favourites_count\": 546,\n    \"utc_offset\": null,\n    \"time_zone\": null,\n    \"geo_enabled\": true,\n    \"verified\": false,\n    \"statuses_count\": 393,\n    \"lang\": null,\n    \"contributors_enabled\": false,\n    \"is_translator\": false,\n    \"is_translation_enabled\": false,\n    \"profile_background_color\": \"C0DEED\",\n    \"profile_background_image_url\": \"http://abs.twimg.com/images/themes/theme1/bg.png\",\n    \"profile_background_image_url_https\": \"https://abs.twimg.com/images/themes/theme1/bg.png\",\n    \"profile_background_tile\": false,\n    \"profile_image_url\": \"http://pbs.twimg.com/profile_images/1247908065598308353/xIoQR0Sz_normal.jpg\",\n    \"profile_image_url_https\": \"https://pbs.twimg.com/profile_images/1247908065598308353/xIoQR0Sz_normal.jpg\",\n    \"profile_banner_url\": \"https://pbs.twimg.com/profile_banners/444949306/1470144771\",\n    \"profile_link_color\": \"1DA1F2\",\n    \"profile_sidebar_border_color\": \"C0DEED\",\n    \"profile_sidebar_fill_color\": \"DDEEF6\",\n    \"profile_text_color\": \"333333\",\n    \"profile_use_background_image\": true,\n    \"has_extended_profile\": false,\n    \"default_profile\": true,\n    \"default_profile_image\": false,\n    \"following\": false,\n    \"follow_request_sent\": false,\n    \"notifications\": false,\n    \"translator_type\": \"none\"\n  },\n  \"geo\": null,\n  \"coordinates\": null,\n  \"place\": null,\n  \"contributors\": null,\n  \"is_quote_status\": false,\n  \"retweet_count\": 0,\n  \"favorite_count\": 0,\n  \"favorited\": false,\n  \"retweeted\": false,\n  \"possibly_sensitive\": false,\n  \"lang\": \"en\"\n}","level":"info"}
{"message":"User who tweeted id: https://twitter.com/intent/user?user_id=444949306","level":"info"}
{"message":"https://twitter.com/_/status/1258122015233290240","level":"info"}
{"message":"NOT liking!","level":"info"}
{"message":"NOT retweeting!","level":"info"}
{"message":"NOT following!","level":"info"}
{"message":"Giveaway Joiner has completed successfully!","level":"info"}
{"level":"info","message":"mem used: ~ 47.8"}
{"message":"Starting the Giveaway Joiner index!","level":"info"}
{"message":"Command line arg values:\n","level":"info"}
{"message":"--keywords: hey there","level":"info"}
{"message":"--max-wait-time: time=1000","level":"info"}
{"message":"--min-wait-time: undefined","level":"info"}
{"message":"--no-like: --no-like","level":"info"}
{"message":"--no-retweet: --no-retweet","level":"info"}
{"message":"--no-follow: --no-follow","level":"info"}
{"message":"\nInitializing twitter...","level":"info"}
{"message":"Getting newest unliked matching tweet...","level":"info"}
{"message":"Fulltweet: {\n  \"created_at\": \"Wed May 06 19:48:00 +0000 2020\",\n  \"id\": 1258121356203511800,\n  \"id_str\": \"1258121356203511809\",\n  \"text\": \"@nalakoalala Hey. Steph. hit me up, on any platform, even if it’s just to say “what the fuck” bc I am there\",\n  \"truncated\": false,\n  \"metadata\": {\n    \"iso_language_code\": \"en\",\n    \"result_type\": \"recent\"\n  },\n  \"source\": \"<a href=\\\"http://twitter.com/download/iphone\\\" rel=\\\"nofollow\\\">Twitter for iPhone</a>\",\n  \"in_reply_to_status_id\": 1258120430348570600,\n  \"in_reply_to_status_id_str\": \"1258120430348570627\",\n  \"in_reply_to_user_id\": 17728368,\n  \"in_reply_to_user_id_str\": \"17728368\",\n  \"in_reply_to_screen_name\": \"nalakoalala\",\n  \"user\": {\n    \"id\": 19938146,\n    \"id_str\": \"19938146\",\n    \"name\": \"Mindy\",\n    \"screen_name\": \"malizabethc\",\n    \"location\": \"\",\n    \"description\": \"some of u don’t know what happened to Earl & it shows\",\n    \"url\": null,\n    \"entities\": {\n      \"description\": {\n        \"urls\": []\n      }\n    },\n    \"protected\": false,\n    \"followers_count\": 149,\n    \"friends_count\": 445,\n    \"listed_count\": 1,\n    \"created_at\": \"Mon Feb 02 22:30:09 +0000 2009\",\n    \"favourites_count\": 11251,\n    \"utc_offset\": null,\n    \"time_zone\": null,\n    \"geo_enabled\": true,\n    \"verified\": false,\n    \"statuses_count\": 9184,\n    \"lang\": null,\n    \"contributors_enabled\": false,\n    \"is_translator\": false,\n    \"is_translation_enabled\": false,\n    \"profile_background_color\": \"000000\",\n    \"profile_background_image_url\": \"http://abs.twimg.com/images/themes/theme10/bg.gif\",\n    \"profile_background_image_url_https\": \"https://abs.twimg.com/images/themes/theme10/bg.gif\",\n    \"profile_background_tile\": true,\n    \"profile_image_url\": \"http://pbs.twimg.com/profile_images/1252641590272839682/iTwcxgHk_normal.jpg\",\n    \"profile_image_url_https\": \"https://pbs.twimg.com/profile_images/1252641590272839682/iTwcxgHk_normal.jpg\",\n    \"profile_banner_url\": \"https://pbs.twimg.com/profile_banners/19938146/1543852177\",\n    \"profile_link_color\": \"007FF5\",\n    \"profile_sidebar_border_color\": \"FFFFFF\",\n    \"profile_sidebar_fill_color\": \"003D7E\",\n    \"profile_text_color\": \"D863FF\",\n    \"profile_use_background_image\": true,\n    \"has_extended_profile\": true,\n    \"default_profile\": false,\n    \"default_profile_image\": false,\n    \"following\": false,\n    \"follow_request_sent\": false,\n    \"notifications\": false,\n    \"translator_type\": \"none\"\n  },\n  \"geo\": null,\n  \"coordinates\": null,\n  \"place\": null,\n  \"contributors\": null,\n  \"is_quote_status\": false,\n  \"retweet_count\": 0,\n  \"favorite_count\": 0,\n  \"favorited\": false,\n  \"retweeted\": false,\n  \"lang\": \"en\"\n}","level":"info"}
{"message":"User who tweeted id: https://twitter.com/intent/user?user_id=19938146","level":"info"}
{"message":"https://twitter.com/_/status/1258121356203511809","level":"info"}
{"message":"NOT liking!","level":"info"}
{"message":"NOT retweeting!","level":"info"}
{"message":"NOT following!","level":"info"}
{"message":"Giveaway Joiner has completed successfully!","level":"info"}
{"level":"info","message":"mem used: ~ 47.7"}
{"message":"Starting the Giveaway Joiner index!","level":"info"}
{"message":"Command line arg values:\n","level":"info"}
{"message":"--keywords: hey there","level":"info"}
{"message":"--max-wait-time: undefined","level":"info"}
{"message":"--min-wait-time: 1000","level":"info"}
{"message":"--no-like: --no-like","level":"info"}
{"message":"--no-retweet: --no-retweet","level":"info"}
{"message":"--no-follow: --no-follow","level":"info"}
{"message":"\nInitializing twitter...","level":"info"}
{"message":"Getting newest unliked matching tweet...","level":"info"}
{"message":"Fulltweet: {\n  \"created_at\": \"Wed May 06 19:51:08 +0000 2020\",\n  \"id\": 1258122145223377000,\n  \"id_str\": \"1258122145223376902\",\n  \"text\": \"@hoperugg Hey there https://t.co/RLLf3As3Vy\",\n  \"truncated\": false,\n  \"metadata\": {\n    \"iso_language_code\": \"en\",\n    \"result_type\": \"recent\"\n  },\n  \"source\": \"<a href=\\\"http://twitter.com/#!/download/ipad\\\" rel=\\\"nofollow\\\">Twitter for iPad</a>\",\n  \"in_reply_to_status_id\": 1258111352268259300,\n  \"in_reply_to_status_id_str\": \"1258111352268259328\",\n  \"in_reply_to_user_id\": 994218948,\n  \"in_reply_to_user_id_str\": \"994218948\",\n  \"in_reply_to_screen_name\": \"hoperugg\",\n  \"user\": {\n    \"id\": 135624812,\n    \"id_str\": \"135624812\",\n    \"name\": \"Socially Distant John 😷🇺🇸🏝\",\n    \"screen_name\": \"JAG_atthebeach\",\n    \"location\": \"United States\",\n    \"description\": \"I live in Florida, but my heart is in Boston. Red Sox & Patriots Nation … IG @jag1027\",\n    \"url\": null,\n    \"entities\": {\n      \"description\": {\n        \"urls\": []\n      }\n    },\n    \"protected\": false,\n    \"followers_count\": 2420,\n    \"friends_count\": 3356,\n    \"listed_count\": 176,\n    \"created_at\": \"Wed Apr 21 20:59:27 +0000 2010\",\n    \"favourites_count\": 221713,\n    \"utc_offset\": null,\n    \"time_zone\": null,\n    \"geo_enabled\": true,\n    \"verified\": false,\n    \"statuses_count\": 98866,\n    \"lang\": null,\n    \"contributors_enabled\": false,\n    \"is_translator\": false,\n    \"is_translation_enabled\": false,\n    \"profile_background_color\": \"9AE4E8\",\n    \"profile_background_image_url\": \"http://abs.twimg.com/images/themes/theme1/bg.png\",\n    \"profile_background_image_url_https\": \"https://abs.twimg.com/images/themes/theme1/bg.png\",\n    \"profile_background_tile\": false,\n    \"profile_image_url\": \"http://pbs.twimg.com/profile_images/1239747933572136961/lSdQnU_Z_normal.jpg\",\n    \"profile_image_url_https\": \"https://pbs.twimg.com/profile_images/1239747933572136961/lSdQnU_Z_normal.jpg\",\n    \"profile_banner_url\": \"https://pbs.twimg.com/profile_banners/135624812/1562991348\",\n    \"profile_link_color\": \"0084B4\",\n    \"profile_sidebar_border_color\": \"C0DEED\",\n    \"profile_sidebar_fill_color\": \"DDEEF6\",\n    \"profile_text_color\": \"333333\",\n    \"profile_use_background_image\": true,\n    \"has_extended_profile\": true,\n    \"default_profile\": false,\n    \"default_profile_image\": false,\n    \"following\": false,\n    \"follow_request_sent\": false,\n    \"notifications\": false,\n    \"translator_type\": \"none\"\n  },\n  \"geo\": null,\n  \"coordinates\": null,\n  \"place\": null,\n  \"contributors\": null,\n  \"is_quote_status\": false,\n  \"retweet_count\": 0,\n  \"favorite_count\": 0,\n  \"favorited\": false,\n  \"retweeted\": false,\n  \"possibly_sensitive\": false,\n  \"lang\": \"en\"\n}","level":"info"}
{"message":"User who tweeted id: https://twitter.com/intent/user?user_id=135624812","level":"info"}
{"message":"https://twitter.com/_/status/1258122145223376902","level":"info"}
{"message":"NOT liking!","level":"info"}
{"message":"NOT retweeting!","level":"info"}
{"message":"NOT following!","level":"info"}
{"message":"Giveaway Joiner has completed successfully!","level":"info"}
{"level":"info","message":"mem used: ~ 48.0"}
{"message":"Starting the Giveaway Joiner index!","level":"info"}
{"message":"Command line arg values:\n","level":"info"}
{"message":"--keywords: hey there","level":"info"}
{"message":"--max-wait-time: 400","level":"info"}
{"message":"--min-wait-time: 1000","level":"info"}
{"message":"--no-like: --no-like","level":"info"}
{"message":"--no-retweet: --no-retweet","level":"info"}
{"message":"--no-follow: --no-follow","level":"info"}
{"message":"\nInitializing twitter...","level":"info"}
{"message":"Getting newest unliked matching tweet...","level":"info"}
{"message":"Fulltweet: {\n  \"created_at\": \"Wed May 06 19:53:32 +0000 2020\",\n  \"id\": 1258122748922126300,\n  \"id_str\": \"1258122748922126336\",\n  \"text\": \"@bbclaurak Construction is probably the main industry where social distancing is impossible.  But there's money to… https://t.co/1rmYCaA4Re\",\n  \"truncated\": true,\n  \"metadata\": {\n    \"iso_language_code\": \"en\",\n    \"result_type\": \"recent\"\n  },\n  \"source\": \"<a href=\\\"http://twitter.com/download/android\\\" rel=\\\"nofollow\\\">Twitter for Android</a>\",\n  \"in_reply_to_status_id\": 1258076096572067800,\n  \"in_reply_to_status_id_str\": \"1258076096572067844\",\n  \"in_reply_to_user_id\": 61183568,\n  \"in_reply_to_user_id_str\": \"61183568\",\n  \"in_reply_to_screen_name\": \"bbclaurak\",\n  \"user\": {\n    \"id\": 129363166,\n    \"id_str\": \"129363166\",\n    \"name\": \"Britain-is-not-a-country🏴󠁧󠁢󠁳󠁣󠁴󠁿\",\n    \"screen_name\": \"johniduffy\",\n    \"location\": \"France\",\n    \"description\": \"Husband, Brother, Son, Father, Grandfather. I do some stuff, and don't do other stuff. Depends on the stuff!\",\n    \"url\": null,\n    \"entities\": {\n      \"description\": {\n        \"urls\": []\n      }\n    },\n    \"protected\": false,\n    \"followers_count\": 1410,\n    \"friends_count\": 1660,\n    \"listed_count\": 21,\n    \"created_at\": \"Sun Apr 04 02:10:32 +0000 2010\",\n    \"favourites_count\": 8607,\n    \"utc_offset\": null,\n    \"time_zone\": null,\n    \"geo_enabled\": true,\n    \"verified\": false,\n    \"statuses_count\": 43887,\n    \"lang\": null,\n    \"contributors_enabled\": false,\n    \"is_translator\": false,\n    \"is_translation_enabled\": false,\n    \"profile_background_color\": \"C0DEED\",\n    \"profile_background_image_url\": \"http://abs.twimg.com/images/themes/theme1/bg.png\",\n    \"profile_background_image_url_https\": \"https://abs.twimg.com/images/themes/theme1/bg.png\",\n    \"profile_background_tile\": false,\n    \"profile_image_url\": \"http://pbs.twimg.com/profile_images/982020993391759360/vylZ8STK_normal.jpg\",\n    \"profile_image_url_https\": \"https://pbs.twimg.com/profile_images/982020993391759360/vylZ8STK_normal.jpg\",\n    \"profile_banner_url\": \"https://pbs.twimg.com/profile_banners/129363166/1417557826\",\n    \"profile_link_color\": \"1DA1F2\",\n    \"profile_sidebar_border_color\": \"C0DEED\",\n    \"profile_sidebar_fill_color\": \"DDEEF6\",\n    \"profile_text_color\": \"333333\",\n    \"profile_use_background_image\": true,\n    \"has_extended_profile\": false,\n    \"default_profile\": true,\n    \"default_profile_image\": false,\n    \"following\": false,\n    \"follow_request_sent\": false,\n    \"notifications\": false,\n    \"translator_type\": \"none\"\n  },\n  \"geo\": null,\n  \"coordinates\": null,\n  \"place\": null,\n  \"contributors\": null,\n  \"is_quote_status\": false,\n  \"retweet_count\": 0,\n  \"favorite_count\": 1,\n  \"favorited\": false,\n  \"retweeted\": false,\n  \"lang\": \"en\"\n}","level":"info"}
{"message":"User who tweeted id: https://twitter.com/intent/user?user_id=129363166","level":"info"}
{"message":"https://twitter.com/_/status/1258122748922126336","level":"info"}
{"message":"NOT liking!","level":"info"}
{"message":"NOT retweeting!","level":"info"}
{"message":"NOT following!","level":"info"}
{"message":"Giveaway Joiner has completed successfully!","level":"info"}
{"level":"info","message":"mem used: ~ 46.6"}
{"message":"Starting the Giveaway Joiner index!","level":"info"}
{"message":"Command line arg values:\n","level":"info"}
{"message":"--keywords: hey there","level":"info"}
{"message":"--max-wait-time: 1000","level":"info"}
{"message":"--min-wait-time: 1200","level":"info"}
{"message":"--no-like: --no-like","level":"info"}
{"message":"--no-retweet: --no-retweet","level":"info"}
{"message":"--no-follow: --no-follow","level":"info"}
{"message":"\nInitializing twitter...","level":"info"}
{"message":"Getting newest unliked matching tweet...","level":"info"}
{"message":"Fulltweet: {\n  \"created_at\": \"Wed May 06 19:55:03 +0000 2020\",\n  \"id\": 1258123130683428900,\n  \"id_str\": \"1258123130683428865\",\n  \"text\": \"Hey there 🤗,\\n\\nMy name is Chizzya, I’m from United State of Imo. I moved to Westeros 15years ago, I love sports and whisky.\",\n  \"truncated\": false,\n  \"metadata\": {\n    \"iso_language_code\": \"en\",\n    \"result_type\": \"recent\"\n  },\n  \"source\": \"<a href=\\\"http://twitter.com/download/iphone\\\" rel=\\\"nofollow\\\">Twitter for iPhone</a>\",\n  \"in_reply_to_status_id\": null,\n  \"in_reply_to_status_id_str\": null,\n  \"in_reply_to_user_id\": null,\n  \"in_reply_to_user_id_str\": null,\n  \"in_reply_to_screen_name\": null,\n  \"user\": {\n    \"id\": 883817868,\n    \"id_str\": \"883817868\",\n    \"name\": \"Chizzya\",\n    \"screen_name\": \"iam_chizzyA\",\n    \"location\": \"\",\n    \"description\": \"\",\n    \"url\": null,\n    \"entities\": {\n      \"description\": {\n        \"urls\": []\n      }\n    },\n    \"protected\": false,\n    \"followers_count\": 1041,\n    \"friends_count\": 277,\n    \"listed_count\": 0,\n    \"created_at\": \"Tue Oct 16 06:11:21 +0000 2012\",\n    \"favourites_count\": 22,\n    \"utc_offset\": null,\n    \"time_zone\": null,\n    \"geo_enabled\": false,\n    \"verified\": false,\n    \"statuses_count\": 994,\n    \"lang\": null,\n    \"contributors_enabled\": false,\n    \"is_translator\": false,\n    \"is_translation_enabled\": false,\n    \"profile_background_color\": \"C0DEED\",\n    \"profile_background_image_url\": \"http://abs.twimg.com/images/themes/theme1/bg.png\",\n    \"profile_background_image_url_https\": \"https://abs.twimg.com/images/themes/theme1/bg.png\",\n    \"profile_background_tile\": false,\n    \"profile_image_url\": \"http://pbs.twimg.com/profile_images/1225835947578843136/qeS4zAQe_normal.jpg\",\n    \"profile_image_url_https\": \"https://pbs.twimg.com/profile_images/1225835947578843136/qeS4zAQe_normal.jpg\",\n    \"profile_banner_url\": \"https://pbs.twimg.com/profile_banners/883817868/1581097040\",\n    \"profile_link_color\": \"1DA1F2\",\n    \"profile_sidebar_border_color\": \"C0DEED\",\n    \"profile_sidebar_fill_color\": \"DDEEF6\",\n    \"profile_text_color\": \"333333\",\n    \"profile_use_background_image\": true,\n    \"has_extended_profile\": false,\n    \"default_profile\": true,\n    \"default_profile_image\": false,\n    \"following\": false,\n    \"follow_request_sent\": false,\n    \"notifications\": false,\n    \"translator_type\": \"none\"\n  },\n  \"geo\": null,\n  \"coordinates\": null,\n  \"place\": null,\n  \"contributors\": null,\n  \"is_quote_status\": false,\n  \"retweet_count\": 0,\n  \"favorite_count\": 0,\n  \"favorited\": false,\n  \"retweeted\": false,\n  \"lang\": \"en\"\n}","level":"info"}
{"message":"User who tweeted id: https://twitter.com/intent/user?user_id=883817868","level":"info"}
{"message":"https://twitter.com/_/status/1258123130683428865","level":"info"}
{"message":"NOT liking!","level":"info"}
{"message":"NOT retweeting!","level":"info"}
{"message":"NOT following!","level":"info"}
{"message":"Giveaway Joiner has completed successfully!","level":"info"}
{"level":"info","message":"mem used: ~ 47.4"}
{"message":"Starting the Giveaway Joiner index!","level":"info"}
{"message":"Command line arg values:\n","level":"info"}
{"message":"Starting the Giveaway Joiner index!","level":"info"}
{"message":"Command line arg values:\n","level":"info"}
{"message":"--keywords: hey there","level":"info"}
{"message":"--max-wait-time: 1000","level":"info"}
{"message":"--min-wait-time: 1200","level":"info"}
{"message":"--no-like: --no-like","level":"info"}
{"message":"--no-retweet: --no-retweet","level":"info"}
{"message":"--no-follow: --no-follow","level":"info"}
{"message":"\nInitializing twitter...","level":"info"}
{"message":"Getting newest unliked matching tweet...","level":"info"}
{"message":"Fulltweet: {\n  \"created_at\": \"Wed May 06 19:59:07 +0000 2020\",\n  \"id\": 1258124150830489600,\n  \"id_str\": \"1258124150830489600\",\n  \"text\": \"@Jossy_G_ @mika_maggy Thank you pastor Joseph for bringing us together 😉 hey there babey Maggy?\",\n  \"truncated\": false,\n  \"metadata\": {\n    \"iso_language_code\": \"en\",\n    \"result_type\": \"recent\"\n  },\n  \"source\": \"<a href=\\\"http://twitter.com/download/iphone\\\" rel=\\\"nofollow\\\">Twitter for iPhone</a>\",\n  \"in_reply_to_status_id\": 1258122140630515700,\n  \"in_reply_to_status_id_str\": \"1258122140630515715\",\n  \"in_reply_to_user_id\": 984623961622368300,\n  \"in_reply_to_user_id_str\": \"984623961622368257\",\n  \"in_reply_to_screen_name\": \"Jossy_G_\",\n  \"user\": {\n    \"id\": 1114893596682068000,\n    \"id_str\": \"1114893596682067968\",\n    \"name\": \"SCANIA R500 \",\n    \"screen_name\": \"Dlanishipo1\",\n    \"location\": \"Namibia\",\n    \"description\": \"Walk away ,This Diesel Mechanic 👨‍🔧 Has Anger issues and A serious Dislike for Stupid People✌️\",\n    \"url\": null,\n    \"entities\": {\n      \"description\": {\n        \"urls\": []\n      }\n    },\n    \"protected\": false,\n    \"followers_count\": 3911,\n    \"friends_count\": 1192,\n    \"listed_count\": 0,\n    \"created_at\": \"Sun Apr 07 14:12:01 +0000 2019\",\n    \"favourites_count\": 24033,\n    \"utc_offset\": null,\n    \"time_zone\": null,\n    \"geo_enabled\": true,\n    \"verified\": false,\n    \"statuses_count\": 10257,\n    \"lang\": null,\n    \"contributors_enabled\": false,\n    \"is_translator\": false,\n    \"is_translation_enabled\": false,\n    \"profile_background_color\": \"F5F8FA\",\n    \"profile_background_image_url\": null,\n    \"profile_background_image_url_https\": null,\n    \"profile_background_tile\": false,\n    \"profile_image_url\": \"http://pbs.twimg.com/profile_images/1255132380517380097/VXnfkYhw_normal.jpg\",\n    \"profile_image_url_https\": \"https://pbs.twimg.com/profile_images/1255132380517380097/VXnfkYhw_normal.jpg\",\n    \"profile_banner_url\": \"https://pbs.twimg.com/profile_banners/1114893596682067968/1588073458\",\n    \"profile_link_color\": \"1DA1F2\",\n    \"profile_sidebar_border_color\": \"C0DEED\",\n    \"profile_sidebar_fill_color\": \"DDEEF6\",\n    \"profile_text_color\": \"333333\",\n    \"profile_use_background_image\": true,\n    \"has_extended_profile\": false,\n    \"default_profile\": true,\n    \"default_profile_image\": false,\n    \"following\": false,\n    \"follow_request_sent\": false,\n    \"notifications\": false,\n    \"translator_type\": \"none\"\n  },\n  \"geo\": null,\n  \"coordinates\": null,\n  \"place\": null,\n  \"contributors\": null,\n  \"is_quote_status\": false,\n  \"retweet_count\": 0,\n  \"favorite_count\": 0,\n  \"favorited\": false,\n  \"retweeted\": false,\n  \"lang\": \"en\"\n}","level":"info"}
{"message":"User who tweeted id: https://twitter.com/intent/user?user_id=1114893596682067968","level":"info"}
{"message":"https://twitter.com/_/status/1258124150830489600","level":"info"}
{"message":"Starting the Giveaway Joiner index!","level":"info"}
{"message":"Command line arg values:\n","level":"info"}
{"message":"--keywords: hey there","level":"info"}
{"message":"--max-wait-time: 1000","level":"info"}
{"message":"--min-wait-time: 1200","level":"info"}
{"message":"--no-like: --no-like","level":"info"}
{"message":"--no-retweet: --no-retweet","level":"info"}
{"message":"--no-follow: --no-follow","level":"info"}
{"message":"\nInitializing twitter...","level":"info"}
{"message":"Getting newest unliked matching tweet...","level":"info"}
{"message":"Fulltweet: {\n  \"created_at\": \"Wed May 06 20:01:03 +0000 2020\",\n  \"id\": 1258124638942568400,\n  \"id_str\": \"1258124638942568449\",\n  \"text\": \"@MashabanePeter Kwena and Bonolo are cooking.\\nThis one here @MMusatondwa ke bona pattern.\\n\\nI'm sure Fifi le Zanele… https://t.co/UY6v4JQlmq\",\n  \"truncated\": true,\n  \"metadata\": {\n    \"iso_language_code\": \"en\",\n    \"result_type\": \"recent\"\n  },\n  \"source\": \"<a href=\\\"http://twitter.com/download/android\\\" rel=\\\"nofollow\\\">Twitter for Android</a>\",\n  \"in_reply_to_status_id\": 1258124189929791500,\n  \"in_reply_to_status_id_str\": \"1258124189929791488\",\n  \"in_reply_to_user_id\": 871201267,\n  \"in_reply_to_user_id_str\": \"871201267\",\n  \"in_reply_to_screen_name\": \"MashabanePeter\",\n  \"user\": {\n    \"id\": 2248601033,\n    \"id_str\": \"2248601033\",\n    \"name\": \"Kutlwano\",\n    \"screen_name\": \"GwinchS_\",\n    \"location\": \"Johannesburg, South Africa\",\n    \"description\": \"Galatians 6 v7 |  ® | Mokubung | A Real Pumbaa | @msljozistars 🏏 |  #ProteaFire🏏 | LOVE  | 🇿🇦\",\n    \"url\": null,\n    \"entities\": {\n      \"description\": {\n        \"urls\": []\n      }\n    },\n    \"protected\": false,\n    \"followers_count\": 1229,\n    \"friends_count\": 1177,\n    \"listed_count\": 12,\n    \"created_at\": \"Sat Dec 28 18:53:39 +0000 2013\",\n    \"favourites_count\": 4891,\n    \"utc_offset\": null,\n    \"time_zone\": null,\n    \"geo_enabled\": true,\n    \"verified\": false,\n    \"statuses_count\": 61376,\n    \"lang\": null,\n    \"contributors_enabled\": false,\n    \"is_translator\": false,\n    \"is_translation_enabled\": false,\n    \"profile_background_color\": \"000000\",\n    \"profile_background_image_url\": \"http://abs.twimg.com/images/themes/theme14/bg.gif\",\n    \"profile_background_image_url_https\": \"https://abs.twimg.com/images/themes/theme14/bg.gif\",\n    \"profile_background_tile\": false,\n    \"profile_image_url\": \"http://pbs.twimg.com/profile_images/1197213170353487878/66OIen-1_normal.jpg\",\n    \"profile_image_url_https\": \"https://pbs.twimg.com/profile_images/1197213170353487878/66OIen-1_normal.jpg\",\n    \"profile_banner_url\": \"https://pbs.twimg.com/profile_banners/2248601033/1491809754\",\n    \"profile_link_color\": \"ABB8C2\",\n    \"profile_sidebar_border_color\": \"000000\",\n    \"profile_sidebar_fill_color\": \"000000\",\n    \"profile_text_color\": \"000000\",\n    \"profile_use_background_image\": false,\n    \"has_extended_profile\": true,\n    \"default_profile\": false,\n    \"default_profile_image\": false,\n    \"following\": false,\n    \"follow_request_sent\": false,\n    \"notifications\": false,\n    \"translator_type\": \"none\"\n  },\n  \"geo\": null,\n  \"coordinates\": null,\n  \"place\": null,\n  \"contributors\": null,\n  \"is_quote_status\": false,\n  \"retweet_count\": 0,\n  \"favorite_count\": 0,\n  \"favorited\": false,\n  \"retweeted\": false,\n  \"lang\": \"en\"\n}","level":"info"}
{"message":"User who tweeted id: https://twitter.com/intent/user?user_id=2248601033","level":"info"}
{"message":"https://twitter.com/_/status/1258124638942568449","level":"info"}
{"message":"NOT liking!","level":"info"}
{"message":"Starting the Giveaway Joiner index!","level":"info"}
{"message":"Command line arg values:\n","level":"info"}
{"message":"--keywords: hey there","level":"info"}
{"message":"--max-wait-time: 1000","level":"info"}
{"message":"--min-wait-time: 1200","level":"info"}
{"message":"--no-like: --no-like","level":"info"}
{"message":"--no-retweet: --no-retweet","level":"info"}
{"message":"--no-follow: --no-follow","level":"info"}
{"message":"\nInitializing twitter...","level":"info"}
{"message":"Getting newest unliked matching tweet...","level":"info"}
{"message":"Fulltweet: {\n  \"created_at\": \"Wed May 06 19:59:00 +0000 2020\",\n  \"id\": 1258124122313220000,\n  \"id_str\": \"1258124122313220096\",\n  \"text\": \"Hey #ScienceTwitter! Are there any good searchable databases for graduate school fellowships that include informati… https://t.co/e9oSyGgK60\",\n  \"truncated\": true,\n  \"metadata\": {\n    \"iso_language_code\": \"en\",\n    \"result_type\": \"recent\"\n  },\n  \"source\": \"<a href=\\\"https://about.twitter.com/products/tweetdeck\\\" rel=\\\"nofollow\\\">TweetDeck</a>\",\n  \"in_reply_to_status_id\": null,\n  \"in_reply_to_status_id_str\": null,\n  \"in_reply_to_user_id\": null,\n  \"in_reply_to_user_id_str\": null,\n  \"in_reply_to_screen_name\": null,\n  \"user\": {\n    \"id\": 1076289209726525400,\n    \"id_str\": \"1076289209726525440\",\n    \"name\": \"Amy Fan\",\n    \"screen_name\": \"amycfanphd\",\n    \"location\": \"Palo Alto, CA\",\n    \"description\": \"@stanfordimmuno PhD studying #stemcells, #cancer, and #immunology in the Majeti lab | #dancer, #educator, #advocate | she/her | Formerly @MIT & @broadinstitute\",\n    \"url\": \"https://t.co/aPZCVVFmQi\",\n    \"entities\": {\n      \"url\": {\n        \"urls\": [\n          {\n            \"url\": \"https://t.co/aPZCVVFmQi\",\n            \"expanded_url\": \"https://amycfan.su.domains/\",\n            \"display_url\": \"amycfan.su.domains\",\n            \"indices\": [\n              0,\n              23\n            ]\n          }\n        ]\n      },\n      \"description\": {\n        \"urls\": []\n      }\n    },\n    \"protected\": false,\n    \"followers_count\": 559,\n    \"friends_count\": 849,\n    \"listed_count\": 6,\n    \"created_at\": \"Sat Dec 22 01:31:58 +0000 2018\",\n    \"favourites_count\": 6130,\n    \"utc_offset\": null,\n    \"time_zone\": null,\n    \"geo_enabled\": true,\n    \"verified\": false,\n    \"statuses_count\": 1010,\n    \"lang\": null,\n    \"contributors_enabled\": false,\n    \"is_translator\": false,\n    \"is_translation_enabled\": false,\n    \"profile_background_color\": \"000000\",\n    \"profile_background_image_url\": \"http://abs.twimg.com/images/themes/theme1/bg.png\",\n    \"profile_background_image_url_https\": \"https://abs.twimg.com/images/themes/theme1/bg.png\",\n    \"profile_background_tile\": false,\n    \"profile_image_url\": \"http://pbs.twimg.com/profile_images/1161897494382387201/7rrBhePn_normal.jpg\",\n    \"profile_image_url_https\": \"https://pbs.twimg.com/profile_images/1161897494382387201/7rrBhePn_normal.jpg\",\n    \"profile_banner_url\": \"https://pbs.twimg.com/profile_banners/1076289209726525440/1545445794\",\n    \"profile_link_color\": \"E81C4F\",\n    \"profile_sidebar_border_color\": \"000000\",\n    \"profile_sidebar_fill_color\": \"000000\",\n    \"profile_text_color\": \"000000\",\n    \"profile_use_background_image\": false,\n    \"has_extended_profile\": true,\n    \"default_profile\": false,\n    \"default_profile_image\": false,\n    \"following\": false,\n    \"follow_request_sent\": false,\n    \"notifications\": false,\n    \"translator_type\": \"none\"\n  },\n  \"geo\": null,\n  \"coordinates\": null,\n  \"place\": null,\n  \"contributors\": null,\n  \"is_quote_status\": false,\n  \"retweet_count\": 0,\n  \"favorite_count\": 1,\n  \"favorited\": false,\n  \"retweeted\": false,\n  \"lang\": \"en\"\n}","level":"info"}
{"message":"User who tweeted id: https://twitter.com/intent/user?user_id=1076289209726525440","level":"info"}
{"message":"https://twitter.com/_/status/1258124122313220096","level":"info"}
{"message":"Starting the Giveaway Joiner index!","level":"info"}
{"message":"Command line arg values:\n","level":"info"}
{"message":"--keywords: hey there","level":"info"}
{"message":"--max-wait-time: 1000","level":"info"}
{"message":"--min-wait-time: 1200","level":"info"}
{"message":"--no-like: --no-like","level":"info"}
{"message":"--no-retweet: --no-retweet","level":"info"}
{"message":"--no-follow: --no-follow","level":"info"}
{"message":"\nInitializing twitter...","level":"info"}
{"message":"Getting newest unliked matching tweet...","level":"info"}
{"message":"Fulltweet: {\n  \"created_at\": \"Wed May 06 20:00:02 +0000 2020\",\n  \"id\": 1258124382825783300,\n  \"id_str\": \"1258124382825783296\",\n  \"text\": \"@MuscadineBLine Oh hey there😍\",\n  \"truncated\": false,\n  \"metadata\": {\n    \"iso_language_code\": \"en\",\n    \"result_type\": \"recent\"\n  },\n  \"source\": \"<a href=\\\"http://twitter.com/download/iphone\\\" rel=\\\"nofollow\\\">Twitter for iPhone</a>\",\n  \"in_reply_to_status_id\": 1258122966518444000,\n  \"in_reply_to_status_id_str\": \"1258122966518444035\",\n  \"in_reply_to_user_id\": 4332820726,\n  \"in_reply_to_user_id_str\": \"4332820726\",\n  \"in_reply_to_screen_name\": \"MuscadineBLine\",\n  \"user\": {\n    \"id\": 888423230272188400,\n    \"id_str\": \"888423230272188417\",\n    \"name\": \"Mobroke\",\n    \"screen_name\": \"KellieMeuret\",\n    \"location\": \"Russellville, AR\",\n    \"description\": \"worrier and warrior🌹 SC- mobroke\",\n    \"url\": null,\n    \"entities\": {\n      \"description\": {\n        \"urls\": []\n      }\n    },\n    \"protected\": false,\n    \"followers_count\": 65,\n    \"friends_count\": 202,\n    \"listed_count\": 0,\n    \"created_at\": \"Fri Jul 21 15:39:39 +0000 2017\",\n    \"favourites_count\": 2098,\n    \"utc_offset\": null,\n    \"time_zone\": null,\n    \"geo_enabled\": true,\n    \"verified\": false,\n    \"statuses_count\": 3531,\n    \"lang\": null,\n    \"contributors_enabled\": false,\n    \"is_translator\": false,\n    \"is_translation_enabled\": false,\n    \"profile_background_color\": \"F5F8FA\",\n    \"profile_background_image_url\": null,\n    \"profile_background_image_url_https\": null,\n    \"profile_background_tile\": false,\n    \"profile_image_url\": \"http://pbs.twimg.com/profile_images/1231071062525390849/3P9NKH13_normal.jpg\",\n    \"profile_image_url_https\": \"https://pbs.twimg.com/profile_images/1231071062525390849/3P9NKH13_normal.jpg\",\n    \"profile_banner_url\": \"https://pbs.twimg.com/profile_banners/888423230272188417/1577924117\",\n    \"profile_link_color\": \"1DA1F2\",\n    \"profile_sidebar_border_color\": \"C0DEED\",\n    \"profile_sidebar_fill_color\": \"DDEEF6\",\n    \"profile_text_color\": \"333333\",\n    \"profile_use_background_image\": true,\n    \"has_extended_profile\": true,\n    \"default_profile\": true,\n    \"default_profile_image\": false,\n    \"following\": false,\n    \"follow_request_sent\": false,\n    \"notifications\": false,\n    \"translator_type\": \"none\"\n  },\n  \"geo\": null,\n  \"coordinates\": null,\n  \"place\": null,\n  \"contributors\": null,\n  \"is_quote_status\": false,\n  \"retweet_count\": 0,\n  \"favorite_count\": 1,\n  \"favorited\": false,\n  \"retweeted\": false,\n  \"lang\": \"en\"\n}","level":"info"}
{"message":"User who tweeted id: https://twitter.com/intent/user?user_id=888423230272188417","level":"info"}
{"message":"https://twitter.com/_/status/1258124382825783296","level":"info"}
{"message":"Starting the Giveaway Joiner index!","level":"info"}
{"message":"Command line arg values:\n","level":"info"}
{"message":"--keywords: hey there","level":"info"}
{"message":"--max-wait-time: 1000","level":"info"}
{"message":"--min-wait-time: 1200","level":"info"}
{"message":"--no-like: --no-like","level":"info"}
{"message":"--no-retweet: --no-retweet","level":"info"}
{"message":"--no-follow: --no-follow","level":"info"}
{"message":"\nInitializing twitter...","level":"info"}
{"message":"Getting newest unliked matching tweet...","level":"info"}
{"message":"Fulltweet: {\n  \"created_at\": \"Wed May 06 20:03:40 +0000 2020\",\n  \"id\": 1258125299755004000,\n  \"id_str\": \"1258125299755003904\",\n  \"text\": \"@kossy_lee Hey, real and organic 50 Instagram followers for just $0.99, there are more offers still ( maximum) 55k… https://t.co/5xqhRBaiqy\",\n  \"truncated\": true,\n  \"metadata\": {\n    \"iso_language_code\": \"en\",\n    \"result_type\": \"recent\"\n  },\n  \"source\": \"<a href=\\\"http://twitter.com/download/android\\\" rel=\\\"nofollow\\\">Twitter for Android</a>\",\n  \"in_reply_to_status_id\": 1258124685977563100,\n  \"in_reply_to_status_id_str\": \"1258124685977563136\",\n  \"in_reply_to_user_id\": 4688263326,\n  \"in_reply_to_user_id_str\": \"4688263326\",\n  \"in_reply_to_screen_name\": \"kossy_lee\",\n  \"user\": {\n    \"id\": 916243755060961300,\n    \"id_str\": \"916243755060961286\",\n    \"name\": \"Rohit Raj\",\n    \"screen_name\": \"rht2004\",\n    \"location\": \"Bengaluru, India\",\n    \"description\": \"\",\n    \"url\": null,\n    \"entities\": {\n      \"description\": {\n        \"urls\": []\n      }\n    },\n    \"protected\": false,\n    \"followers_count\": 1,\n    \"friends_count\": 0,\n    \"listed_count\": 0,\n    \"created_at\": \"Fri Oct 06 10:08:28 +0000 2017\",\n    \"favourites_count\": 1,\n    \"utc_offset\": null,\n    \"time_zone\": null,\n    \"geo_enabled\": false,\n    \"verified\": false,\n    \"statuses_count\": 56,\n    \"lang\": null,\n    \"contributors_enabled\": false,\n    \"is_translator\": false,\n    \"is_translation_enabled\": false,\n    \"profile_background_color\": \"F5F8FA\",\n    \"profile_background_image_url\": null,\n    \"profile_background_image_url_https\": null,\n    \"profile_background_tile\": false,\n    \"profile_image_url\": \"http://pbs.twimg.com/profile_images/1254682700994105344/V7S0PKEL_normal.jpg\",\n    \"profile_image_url_https\": \"https://pbs.twimg.com/profile_images/1254682700994105344/V7S0PKEL_normal.jpg\",\n    \"profile_banner_url\": \"https://pbs.twimg.com/profile_banners/916243755060961286/1587974653\",\n    \"profile_link_color\": \"1DA1F2\",\n    \"profile_sidebar_border_color\": \"C0DEED\",\n    \"profile_sidebar_fill_color\": \"DDEEF6\",\n    \"profile_text_color\": \"333333\",\n    \"profile_use_background_image\": true,\n    \"has_extended_profile\": false,\n    \"default_profile\": true,\n    \"default_profile_image\": false,\n    \"following\": false,\n    \"follow_request_sent\": false,\n    \"notifications\": false,\n    \"translator_type\": \"none\"\n  },\n  \"geo\": null,\n  \"coordinates\": null,\n  \"place\": null,\n  \"contributors\": null,\n  \"is_quote_status\": false,\n  \"retweet_count\": 0,\n  \"favorite_count\": 0,\n  \"favorited\": false,\n  \"retweeted\": false,\n  \"lang\": \"en\"\n}","level":"info"}
{"message":"User who tweeted id: https://twitter.com/intent/user?user_id=916243755060961286","level":"info"}
{"message":"https://twitter.com/_/status/1258125299755003904","level":"info"}
{"message":"Starting the Giveaway Joiner index!","level":"info"}
{"message":"Command line arg values:\n","level":"info"}
{"message":"--keywords: hey there","level":"info"}
{"message":"--max-wait-time: 1000","level":"info"}
{"message":"--min-wait-time: 1200","level":"info"}
{"message":"--no-like: --no-like","level":"info"}
{"message":"--no-retweet: --no-retweet","level":"info"}
{"message":"--no-follow: --no-follow","level":"info"}
{"message":"\nInitializing twitter...","level":"info"}
{"message":"Getting newest unliked matching tweet...","level":"info"}
{"message":"Fulltweet: {\n  \"created_at\": \"Wed May 06 20:03:22 +0000 2020\",\n  \"id\": 1258125223351599000,\n  \"id_str\": \"1258125223351599104\",\n  \"text\": \"@julesnocap @iamcardib Hey, real and organic 50 Instagram followers for just $0.99, there are more offers still ( m… https://t.co/0B4GGxPzCo\",\n  \"truncated\": true,\n  \"metadata\": {\n    \"iso_language_code\": \"en\",\n    \"result_type\": \"recent\"\n  },\n  \"source\": \"<a href=\\\"http://twitter.com/download/android\\\" rel=\\\"nofollow\\\">Twitter for Android</a>\",\n  \"in_reply_to_status_id\": 1258125141575381000,\n  \"in_reply_to_status_id_str\": \"1258125141575380993\",\n  \"in_reply_to_user_id\": 948345333792280600,\n  \"in_reply_to_user_id_str\": \"948345333792280583\",\n  \"in_reply_to_screen_name\": \"julesnocap\",\n  \"user\": {\n    \"id\": 916243755060961300,\n    \"id_str\": \"916243755060961286\",\n    \"name\": \"Rohit Raj\",\n    \"screen_name\": \"rht2004\",\n    \"location\": \"Bengaluru, India\",\n    \"description\": \"\",\n    \"url\": null,\n    \"entities\": {\n      \"description\": {\n        \"urls\": []\n      }\n    },\n    \"protected\": false,\n    \"followers_count\": 1,\n    \"friends_count\": 0,\n    \"listed_count\": 0,\n    \"created_at\": \"Fri Oct 06 10:08:28 +0000 2017\",\n    \"favourites_count\": 1,\n    \"utc_offset\": null,\n    \"time_zone\": null,\n    \"geo_enabled\": false,\n    \"verified\": false,\n    \"statuses_count\": 56,\n    \"lang\": null,\n    \"contributors_enabled\": false,\n    \"is_translator\": false,\n    \"is_translation_enabled\": false,\n    \"profile_background_color\": \"F5F8FA\",\n    \"profile_background_image_url\": null,\n    \"profile_background_image_url_https\": null,\n    \"profile_background_tile\": false,\n    \"profile_image_url\": \"http://pbs.twimg.com/profile_images/1254682700994105344/V7S0PKEL_normal.jpg\",\n    \"profile_image_url_https\": \"https://pbs.twimg.com/profile_images/1254682700994105344/V7S0PKEL_normal.jpg\",\n    \"profile_banner_url\": \"https://pbs.twimg.com/profile_banners/916243755060961286/1587974653\",\n    \"profile_link_color\": \"1DA1F2\",\n    \"profile_sidebar_border_color\": \"C0DEED\",\n    \"profile_sidebar_fill_color\": \"DDEEF6\",\n    \"profile_text_color\": \"333333\",\n    \"profile_use_background_image\": true,\n    \"has_extended_profile\": false,\n    \"default_profile\": true,\n    \"default_profile_image\": false,\n    \"following\": false,\n    \"follow_request_sent\": false,\n    \"notifications\": false,\n    \"translator_type\": \"none\"\n  },\n  \"geo\": null,\n  \"coordinates\": null,\n  \"place\": null,\n  \"contributors\": null,\n  \"is_quote_status\": false,\n  \"retweet_count\": 0,\n  \"favorite_count\": 0,\n  \"favorited\": false,\n  \"retweeted\": false,\n  \"lang\": \"en\"\n}","level":"info"}
{"message":"User who tweeted id: https://twitter.com/intent/user?user_id=916243755060961286","level":"info"}
{"message":"https://twitter.com/_/status/1258125223351599104","level":"info"}
{"message":"Calculated random amount of time within bounds: 1114","level":"info"}
{"message":"Calculated random amount of time within bounds: 1123","level":"info"}
{"message":"NOT liking!","level":"info"}
{"message":"NOT retweeting!","level":"info"}
{"message":"NOT following!","level":"info"}
{"message":"Giveaway Joiner has completed successfully!","level":"info"}
{"level":"info","message":"mem used: ~ 47.4"}
{"message":"Starting the Giveaway Joiner index!","level":"info"}
{"message":"Command line arg values:\n","level":"info"}
{"message":"--keywords: hey there","level":"info"}
{"message":"--max-wait-time: 2000","level":"info"}
{"message":"--min-wait-time: 1200","level":"info"}
{"message":"--no-like: --no-like","level":"info"}
{"message":"--no-retweet: --no-retweet","level":"info"}
{"message":"--no-follow: --no-follow","level":"info"}
{"message":"\nInitializing twitter...","level":"info"}
{"message":"Getting newest unliked matching tweet...","level":"info"}
{"message":"Starting the Giveaway Joiner index!","level":"info"}
{"message":"Command line arg values:\n","level":"info"}
{"message":"--keywords: hey there","level":"info"}
{"message":"--max-wait-time: 2000","level":"info"}
{"message":"--min-wait-time: 1200","level":"info"}
{"message":"--no-like: --no-like","level":"info"}
{"message":"--no-retweet: --no-retweet","level":"info"}
{"message":"--no-follow: --no-follow","level":"info"}
{"message":"\nInitializing twitter...","level":"info"}
{"message":"Getting newest unliked matching tweet...","level":"info"}
{"message":"Fulltweet: {\n  \"created_at\": \"Wed May 06 20:04:08 +0000 2020\",\n  \"id\": 1258125416050630700,\n  \"id_str\": \"1258125416050630658\",\n  \"text\": \"@brelasoul Hey getting there is part of it!\",\n  \"truncated\": false,\n  \"metadata\": {\n    \"iso_language_code\": \"en\",\n    \"result_type\": \"recent\"\n  },\n  \"source\": \"<a href=\\\"http://twitter.com/download/android\\\" rel=\\\"nofollow\\\">Twitter for Android</a>\",\n  \"in_reply_to_status_id\": 1258061209913503700,\n  \"in_reply_to_status_id_str\": \"1258061209913503745\",\n  \"in_reply_to_user_id\": 1014603128640102400,\n  \"in_reply_to_user_id_str\": \"1014603128640102402\",\n  \"in_reply_to_screen_name\": \"brelasoul\",\n  \"user\": {\n    \"id\": 2782294224,\n    \"id_str\": \"2782294224\",\n    \"name\": \"April Johnson\",\n    \"screen_name\": \"aprilajsings\",\n    \"location\": \"\",\n    \"description\": \"\",\n    \"url\": null,\n    \"entities\": {\n      \"description\": {\n        \"urls\": []\n      }\n    },\n    \"protected\": false,\n    \"followers_count\": 628,\n    \"friends_count\": 667,\n    \"listed_count\": 0,\n    \"created_at\": \"Sun Aug 31 13:51:55 +0000 2014\",\n    \"favourites_count\": 69360,\n    \"utc_offset\": null,\n    \"time_zone\": null,\n    \"geo_enabled\": false,\n    \"verified\": false,\n    \"statuses_count\": 5609,\n    \"lang\": null,\n    \"contributors_enabled\": false,\n    \"is_translator\": false,\n    \"is_translation_enabled\": false,\n    \"profile_background_color\": \"C0DEED\",\n    \"profile_background_image_url\": \"http://abs.twimg.com/images/themes/theme1/bg.png\",\n    \"profile_background_image_url_https\": \"https://abs.twimg.com/images/themes/theme1/bg.png\",\n    \"profile_background_tile\": false,\n    \"profile_image_url\": \"http://pbs.twimg.com/profile_images/625430338169245697/JhMCniOg_normal.jpg\",\n    \"profile_image_url_https\": \"https://pbs.twimg.com/profile_images/625430338169245697/JhMCniOg_normal.jpg\",\n    \"profile_banner_url\": \"https://pbs.twimg.com/profile_banners/2782294224/1409884983\",\n    \"profile_link_color\": \"1DA1F2\",\n    \"profile_sidebar_border_color\": \"C0DEED\",\n    \"profile_sidebar_fill_color\": \"DDEEF6\",\n    \"profile_text_color\": \"333333\",\n    \"profile_use_background_image\": true,\n    \"has_extended_profile\": true,\n    \"default_profile\": true,\n    \"default_profile_image\": false,\n    \"following\": false,\n    \"follow_request_sent\": false,\n    \"notifications\": false,\n    \"translator_type\": \"none\"\n  },\n  \"geo\": null,\n  \"coordinates\": null,\n  \"place\": null,\n  \"contributors\": null,\n  \"is_quote_status\": false,\n  \"retweet_count\": 0,\n  \"favorite_count\": 0,\n  \"favorited\": false,\n  \"retweeted\": false,\n  \"lang\": \"en\"\n}","level":"info"}
{"message":"User who tweeted id: https://twitter.com/intent/user?user_id=2782294224","level":"info"}
{"message":"https://twitter.com/_/status/1258125416050630658","level":"info"}
{"message":"Starting the Giveaway Joiner index!","level":"info"}
{"message":"Command line arg values:\n","level":"info"}
{"message":"--keywords: hey there","level":"info"}
{"message":"--max-wait-time: 2000","level":"info"}
{"message":"--min-wait-time: 2200","level":"info"}
{"message":"--no-like: --no-like","level":"info"}
{"message":"--no-retweet: --no-retweet","level":"info"}
{"message":"--no-follow: --no-follow","level":"info"}
{"message":"\nInitializing twitter...","level":"info"}
{"message":"Getting newest unliked matching tweet...","level":"info"}
{"message":"Fulltweet: {\n  \"created_at\": \"Wed May 06 20:00:07 +0000 2020\",\n  \"id\": 1258124402832613400,\n  \"id_str\": \"1258124402832613383\",\n  \"text\": \"@Traveler3906 @MsStarr7 @JVaghyJones @OnsideOrAnother @Apritions @akvawe66 @PersevereEver @misshellca @Grandma_Boom… https://t.co/2liFBhGENO\",\n  \"truncated\": true,\n  \"metadata\": {\n    \"iso_language_code\": \"en\",\n    \"result_type\": \"recent\"\n  },\n  \"source\": \"<a href=\\\"https://mobile.twitter.com\\\" rel=\\\"nofollow\\\">Twitter Web App</a>\",\n  \"in_reply_to_status_id\": 1258114140880724000,\n  \"in_reply_to_status_id_str\": \"1258114140880723968\",\n  \"in_reply_to_user_id\": 1126867116001566700,\n  \"in_reply_to_user_id_str\": \"1126867116001566720\",\n  \"in_reply_to_screen_name\": \"Traveler3906\",\n  \"user\": {\n    \"id\": 3391603780,\n    \"id_str\": \"3391603780\",\n    \"name\": \"Super Elite Terry\",\n    \"screen_name\": \"terryloohoo\",\n    \"location\": \"United States\",\n    \"description\": \"#MAGA! I believe JESUS. Happily married to an alpha male for decades. Blessed with 3 girls, 4 grands and lotsa fur babies. We ride old Harleys. #CULT45\",\n    \"url\": null,\n    \"entities\": {\n      \"description\": {\n        \"urls\": []\n      }\n    },\n    \"protected\": false,\n    \"followers_count\": 4220,\n    \"friends_count\": 4225,\n    \"listed_count\": 6,\n    \"created_at\": \"Tue Jul 28 06:09:02 +0000 2015\",\n    \"favourites_count\": 99230,\n    \"utc_offset\": null,\n    \"time_zone\": null,\n    \"geo_enabled\": false,\n    \"verified\": false,\n    \"statuses_count\": 8605,\n    \"lang\": null,\n    \"contributors_enabled\": false,\n    \"is_translator\": false,\n    \"is_translation_enabled\": false,\n    \"profile_background_color\": \"000000\",\n    \"profile_background_image_url\": \"http://abs.twimg.com/images/themes/theme1/bg.png\",\n    \"profile_background_image_url_https\": \"https://abs.twimg.com/images/themes/theme1/bg.png\",\n    \"profile_background_tile\": false,\n    \"profile_image_url\": \"http://pbs.twimg.com/profile_images/985587161037721601/YEh4N1vH_normal.jpg\",\n    \"profile_image_url_https\": \"https://pbs.twimg.com/profile_images/985587161037721601/YEh4N1vH_normal.jpg\",\n    \"profile_banner_url\": \"https://pbs.twimg.com/profile_banners/3391603780/1522949792\",\n    \"profile_link_color\": \"1B95E0\",\n    \"profile_sidebar_border_color\": \"000000\",\n    \"profile_sidebar_fill_color\": \"000000\",\n    \"profile_text_color\": \"000000\",\n    \"profile_use_background_image\": false,\n    \"has_extended_profile\": false,\n    \"default_profile\": false,\n    \"default_profile_image\": false,\n    \"following\": false,\n    \"follow_request_sent\": false,\n    \"notifications\": false,\n    \"translator_type\": \"none\"\n  },\n  \"geo\": null,\n  \"coordinates\": null,\n  \"place\": null,\n  \"contributors\": null,\n  \"is_quote_status\": false,\n  \"retweet_count\": 0,\n  \"favorite_count\": 1,\n  \"favorited\": false,\n  \"retweeted\": false,\n  \"lang\": \"en\"\n}","level":"info"}
{"message":"User who tweeted id: https://twitter.com/intent/user?user_id=3391603780","level":"info"}
{"message":"https://twitter.com/_/status/1258124402832613383","level":"info"}
{"message":"Calculated random amount of time within bounds: 2106","level":"info"}
{"message":"Calculated random amount of time within bounds: 2180","level":"info"}
{"message":"NOT liking!","level":"info"}
{"message":"NOT retweeting!","level":"info"}
{"message":"NOT following!","level":"info"}
{"message":"Giveaway Joiner has completed successfully!","level":"info"}
{"level":"info","message":"mem used: ~ 47.9"}
{"message":"Starting the Giveaway Joiner index!","level":"info"}
{"message":"Command line arg values:\n","level":"info"}
{"message":"--keywords: hey there","level":"info"}
{"message":"--max-wait-time: 400","level":"info"}
{"message":"--min-wait-time: 1200","level":"info"}
{"message":"--no-like: --no-like","level":"info"}
{"message":"--no-retweet: --no-retweet","level":"info"}
{"message":"--no-follow: --no-follow","level":"info"}
{"message":"\nInitializing twitter...","level":"info"}
{"message":"Getting newest unliked matching tweet...","level":"info"}
{"message":"Fulltweet: {\n  \"created_at\": \"Wed May 06 20:04:41 +0000 2020\",\n  \"id\": 1258125551702888400,\n  \"id_str\": \"1258125551702888449\",\n  \"text\": \"@Josiexfruit Hey babe I hope you're doing okay over there\",\n  \"truncated\": false,\n  \"metadata\": {\n    \"iso_language_code\": \"en\",\n    \"result_type\": \"recent\"\n  },\n  \"source\": \"<a href=\\\"http://twitter.com/download/android\\\" rel=\\\"nofollow\\\">Twitter for Android</a>\",\n  \"in_reply_to_status_id\": 1258121756121993200,\n  \"in_reply_to_status_id_str\": \"1258121756121993216\",\n  \"in_reply_to_user_id\": 838614310863667200,\n  \"in_reply_to_user_id_str\": \"838614310863667200\",\n  \"in_reply_to_screen_name\": \"Josiexfruit\",\n  \"user\": {\n    \"id\": 771757402748321800,\n    \"id_str\": \"771757402748321793\",\n    \"name\": \"🖤🗡knife wife🔪🖤\",\n    \"screen_name\": \"ComradCapacitor\",\n    \"location\": \"Chicago-ish / 28 / she\",\n    \"description\": \"trans. gender nihilist.\",\n    \"url\": \"https://t.co/EWXWD84ZFH\",\n    \"entities\": {\n      \"url\": {\n        \"urls\": [\n          {\n            \"url\": \"https://t.co/EWXWD84ZFH\",\n            \"expanded_url\": \"https://html5zombo.com/\",\n            \"display_url\": \"html5zombo.com\",\n            \"indices\": [\n              0,\n              23\n            ]\n          }\n        ]\n      },\n      \"description\": {\n        \"urls\": []\n      }\n    },\n    \"protected\": false,\n    \"followers_count\": 1581,\n    \"friends_count\": 635,\n    \"listed_count\": 15,\n    \"created_at\": \"Fri Sep 02 17:11:18 +0000 2016\",\n    \"favourites_count\": 320275,\n    \"utc_offset\": null,\n    \"time_zone\": null,\n    \"geo_enabled\": true,\n    \"verified\": false,\n    \"statuses_count\": 77433,\n    \"lang\": null,\n    \"contributors_enabled\": false,\n    \"is_translator\": false,\n    \"is_translation_enabled\": false,\n    \"profile_background_color\": \"000000\",\n    \"profile_background_image_url\": \"http://abs.twimg.com/images/themes/theme1/bg.png\",\n    \"profile_background_image_url_https\": \"https://abs.twimg.com/images/themes/theme1/bg.png\",\n    \"profile_background_tile\": false,\n    \"profile_image_url\": \"http://pbs.twimg.com/profile_images/1256931148435009537/oHyO_qmR_normal.jpg\",\n    \"profile_image_url_https\": \"https://pbs.twimg.com/profile_images/1256931148435009537/oHyO_qmR_normal.jpg\",\n    \"profile_banner_url\": \"https://pbs.twimg.com/profile_banners/771757402748321793/1585616662\",\n    \"profile_link_color\": \"AA0000\",\n    \"profile_sidebar_border_color\": \"000000\",\n    \"profile_sidebar_fill_color\": \"000000\",\n    \"profile_text_color\": \"000000\",\n    \"profile_use_background_image\": false,\n    \"has_extended_profile\": false,\n    \"default_profile\": false,\n    \"default_profile_image\": false,\n    \"following\": false,\n    \"follow_request_sent\": false,\n    \"notifications\": false,\n    \"translator_type\": \"none\"\n  },\n  \"geo\": null,\n  \"coordinates\": null,\n  \"place\": null,\n  \"contributors\": null,\n  \"is_quote_status\": false,\n  \"retweet_count\": 0,\n  \"favorite_count\": 0,\n  \"favorited\": false,\n  \"retweeted\": false,\n  \"lang\": \"en\"\n}","level":"info"}
{"message":"User who tweeted id: https://twitter.com/intent/user?user_id=771757402748321793","level":"info"}
{"message":"https://twitter.com/_/status/1258125551702888449","level":"info"}
{"message":"Calculated random amount of time within bounds: 969","level":"info"}
{"message":"Calculated random amount of time within bounds: 964","level":"info"}
{"message":"NOT liking!","level":"info"}
{"message":"NOT retweeting!","level":"info"}
{"message":"NOT following!","level":"info"}
{"message":"Giveaway Joiner has completed successfully!","level":"info"}
{"level":"info","message":"mem used: ~ 48.5"}
